[Thu May 15 00:24:29.274755 2025] [ssl:warn] [pid 1:tid 1] AH01906: localhost:443:0 server certificate is a CA certificate (BasicConstraints: CA == TRUE !?)
[Thu May 15 00:24:29.318647 2025] [ssl:warn] [pid 1:tid 1] AH01906: localhost:443:0 server certificate is a CA certificate (BasicConstraints: CA == TRUE !?)
[Thu May 15 00:24:29.369098 2025] [ssl:warn] [pid 1:tid 1] AH01873: Init: Session Cache is not configured [hint: SSLSessionCache]
[Thu May 15 00:24:29.384941 2025] [ssl:warn] [pid 1:tid 1] AH01906: localhost:443:0 server certificate is a CA certificate (BasicConstraints: CA == TRUE !?)
[Thu May 15 00:24:29.406744 2025] [ssl:warn] [pid 1:tid 1] AH01906: localhost:443:0 server certificate is a CA certificate (BasicConstraints: CA == TRUE !?)
[Thu May 15 00:24:29.429223 2025] [mpm_event:notice] [pid 1:tid 1] AH00489: Apache/2.4.63 (Unix) OpenSSL/3.0.15 configured -- resuming normal operations
[Thu May 15 00:24:29.429710 2025] [core:notice] [pid 1:tid 1] AH00094: Command line: 'httpd -D FOREGROUND'
[Thu May 15 00:24:29.432404 2025] [unixd:alert] [pid 9:tid 9] AH02155: getpwuid: couldn't determine user name from uid 4294967295, you probably need to modify the User directive
[Thu May 15 00:24:29.432407 2025] [unixd:alert] [pid 8:tid 8] AH02155: getpwuid: couldn't determine user name from uid 4294967295, you probably need to modify the User directive
[Thu May 15 00:32:39.815162 2025] [mpm_event:notice] [pid 1:tid 1] AH00492: caught SIGWINCH, shutting down gracefully
[Thu May 15 00:33:21.809490 2025] [ssl:warn] [pid 1:tid 1] AH01906: localhost:443:0 server certificate is a CA certificate (BasicConstraints: CA == TRUE !?)
[Thu May 15 00:33:21.860048 2025] [ssl:warn] [pid 1:tid 1] AH01906: localhost:443:0 server certificate is a CA certificate (BasicConstraints: CA == TRUE !?)
[Thu May 15 00:33:21.999301 2025] [ssl:warn] [pid 1:tid 1] AH01873: Init: Session Cache is not configured [hint: SSLSessionCache]
[Thu May 15 00:33:22.038445 2025] [ssl:warn] [pid 1:tid 1] AH01906: localhost:443:0 server certificate is a CA certificate (BasicConstraints: CA == TRUE !?)
[Thu May 15 00:33:22.062882 2025] [ssl:warn] [pid 1:tid 1] AH01906: localhost:443:0 server certificate is a CA certificate (BasicConstraints: CA == TRUE !?)
[Thu May 15 00:33:22.120696 2025] [mpm_event:notice] [pid 1:tid 1] AH00489: Apache/2.4.63 (Unix) OpenSSL/3.0.15 configured -- resuming normal operations
[Thu May 15 00:33:22.121644 2025] [core:notice] [pid 1:tid 1] AH00094: Command line: 'httpd -D FOREGROUND'
[Thu May 15 00:33:22.121336 2025] [unixd:alert] [pid 9:tid 9] AH02155: getpwuid: couldn't determine user name from uid 4294967295, you probably need to modify the User directive
[Thu May 15 00:33:22.121923 2025] [unixd:alert] [pid 8:tid 8] AH02155: getpwuid: couldn't determine user name from uid 4294967295, you probably need to modify the User directive
[Thu May 15 00:36:16.841736 2025] [mpm_event:notice] [pid 1:tid 1] AH00492: caught SIGWINCH, shutting down gracefully
[Thu May 15 00:36:53.440884 2025] [ssl:warn] [pid 1:tid 1] AH01906: localhost:443:0 server certificate is a CA certificate (BasicConstraints: CA == TRUE !?)
[Thu May 15 00:36:53.483471 2025] [ssl:warn] [pid 1:tid 1] AH01906: localhost:443:0 server certificate is a CA certificate (BasicConstraints: CA == TRUE !?)
[Thu May 15 00:36:53.539220 2025] [ssl:warn] [pid 1:tid 1] AH01873: Init: Session Cache is not configured [hint: SSLSessionCache]
[Thu May 15 00:36:53.555560 2025] [ssl:warn] [pid 1:tid 1] AH01906: localhost:443:0 server certificate is a CA certificate (BasicConstraints: CA == TRUE !?)
[Thu May 15 00:36:53.585573 2025] [ssl:warn] [pid 1:tid 1] AH01906: localhost:443:0 server certificate is a CA certificate (BasicConstraints: CA == TRUE !?)
[Thu May 15 00:36:53.635976 2025] [unixd:alert] [pid 8:tid 8] AH02155: getpwuid: couldn't determine user name from uid 4294967295, you probably need to modify the User directive
[Thu May 15 00:36:53.643232 2025] [mpm_event:notice] [pid 1:tid 1] AH00489: Apache/2.4.63 (Unix) OpenSSL/3.0.15 configured -- resuming normal operations
[Thu May 15 00:36:53.644710 2025] [core:notice] [pid 1:tid 1] AH00094: Command line: 'httpd -D FOREGROUND'
[Thu May 15 00:36:53.644204 2025] [unixd:alert] [pid 28:tid 28] AH02155: getpwuid: couldn't determine user name from uid 4294967295, you probably need to modify the User directive
[Thu May 15 00:42:46.387683 2025] [mpm_event:notice] [pid 1:tid 1] AH00492: caught SIGWINCH, shutting down gracefully
[Thu May 15 00:43:47.538327 2025] [ssl:warn] [pid 1:tid 1] AH01906: localhost:443:0 server certificate is a CA certificate (BasicConstraints: CA == TRUE !?)
[Thu May 15 00:43:47.556571 2025] [ssl:warn] [pid 1:tid 1] AH01906: localhost:443:0 server certificate is a CA certificate (BasicConstraints: CA == TRUE !?)
[Thu May 15 00:43:47.597830 2025] [ssl:warn] [pid 1:tid 1] AH01873: Init: Session Cache is not configured [hint: SSLSessionCache]
[Thu May 15 00:43:47.609386 2025] [ssl:warn] [pid 1:tid 1] AH01906: localhost:443:0 server certificate is a CA certificate (BasicConstraints: CA == TRUE !?)
[Thu May 15 00:43:47.628482 2025] [ssl:warn] [pid 1:tid 1] AH01906: localhost:443:0 server certificate is a CA certificate (BasicConstraints: CA == TRUE !?)
[Thu May 15 00:43:47.648845 2025] [mpm_event:notice] [pid 1:tid 1] AH00489: Apache/2.4.63 (Unix) OpenSSL/3.0.15 configured -- resuming normal operations
[Thu May 15 00:43:47.649022 2025] [unixd:alert] [pid 8:tid 8] AH02155: getpwuid: couldn't determine user name from uid 4294967295, you probably need to modify the User directive
[Thu May 15 00:43:47.649394 2025] [core:notice] [pid 1:tid 1] AH00094: Command line: 'httpd -D FOREGROUND'
[Thu May 15 00:43:47.649487 2025] [unixd:alert] [pid 9:tid 9] AH02155: getpwuid: couldn't determine user name from uid 4294967295, you probably need to modify the User directive
[Thu May 15 00:45:13.898621 2025] [mpm_event:notice] [pid 1:tid 1] AH00492: caught SIGWINCH, shutting down gracefully
[Thu May 15 00:46:08.140973 2025] [ssl:warn] [pid 1:tid 1] AH01906: localhost:443:0 server certificate is a CA certificate (BasicConstraints: CA == TRUE !?)
[Thu May 15 00:46:08.302823 2025] [ssl:warn] [pid 1:tid 1] AH01906: localhost:443:0 server certificate is a CA certificate (BasicConstraints: CA == TRUE !?)
[Thu May 15 00:46:08.393341 2025] [ssl:warn] [pid 1:tid 1] AH01873: Init: Session Cache is not configured [hint: SSLSessionCache]
[Thu May 15 00:46:08.426025 2025] [ssl:warn] [pid 1:tid 1] AH01906: localhost:443:0 server certificate is a CA certificate (BasicConstraints: CA == TRUE !?)
[Thu May 15 00:46:08.461846 2025] [ssl:warn] [pid 1:tid 1] AH01906: localhost:443:0 server certificate is a CA certificate (BasicConstraints: CA == TRUE !?)
[Thu May 15 00:46:08.495835 2025] [mpm_event:notice] [pid 1:tid 1] AH00489: Apache/2.4.63 (Unix) OpenSSL/3.0.15 configured -- resuming normal operations
[Thu May 15 00:46:08.496032 2025] [unixd:alert] [pid 8:tid 8] AH02155: getpwuid: couldn't determine user name from uid 4294967295, you probably need to modify the User directive
[Thu May 15 00:46:08.496397 2025] [unixd:alert] [pid 9:tid 9] AH02155: getpwuid: couldn't determine user name from uid 4294967295, you probably need to modify the User directive
[Thu May 15 00:46:08.496868 2025] [core:notice] [pid 1:tid 1] AH00094: Command line: 'httpd -D FOREGROUND'
[Thu May 15 00:53:41.771345 2025] [mpm_event:notice] [pid 1:tid 1] AH00492: caught SIGWINCH, shutting down gracefully
[Thu May 15 00:56:57.787931 2025] [ssl:warn] [pid 1:tid 1] AH01906: localhost:443:0 server certificate is a CA certificate (BasicConstraints: CA == TRUE !?)
[Thu May 15 00:56:57.814620 2025] [ssl:warn] [pid 1:tid 1] AH01906: localhost:443:0 server certificate is a CA certificate (BasicConstraints: CA == TRUE !?)
[Thu May 15 00:56:57.856915 2025] [ssl:warn] [pid 1:tid 1] AH01873: Init: Session Cache is not configured [hint: SSLSessionCache]
[Thu May 15 00:56:57.871856 2025] [ssl:warn] [pid 1:tid 1] AH01906: localhost:443:0 server certificate is a CA certificate (BasicConstraints: CA == TRUE !?)
[Thu May 15 00:56:57.894934 2025] [ssl:warn] [pid 1:tid 1] AH01906: localhost:443:0 server certificate is a CA certificate (BasicConstraints: CA == TRUE !?)
[Thu May 15 00:56:57.926517 2025] [mpm_event:notice] [pid 1:tid 1] AH00489: Apache/2.4.63 (Unix) OpenSSL/3.0.15 configured -- resuming normal operations
[Thu May 15 00:56:57.926840 2025] [unixd:alert] [pid 9:tid 9] AH02155: getpwuid: couldn't determine user name from uid 4294967295, you probably need to modify the User directive
[Thu May 15 00:56:57.927049 2025] [unixd:alert] [pid 10:tid 10] AH02155: getpwuid: couldn't determine user name from uid 4294967295, you probably need to modify the User directive
[Thu May 15 00:56:57.927094 2025] [core:notice] [pid 1:tid 1] AH00094: Command line: 'httpd -D FOREGROUND'
[Thu May 15 01:02:34.056672 2025] [mpm_event:notice] [pid 1:tid 1] AH00492: caught SIGWINCH, shutting down gracefully
[Thu May 15 01:03:26.699083 2025] [ssl:warn] [pid 1:tid 1] AH01906: localhost:443:0 server certificate is a CA certificate (BasicConstraints: CA == TRUE !?)
[Thu May 15 01:03:26.727083 2025] [ssl:warn] [pid 1:tid 1] AH01906: localhost:443:0 server certificate is a CA certificate (BasicConstraints: CA == TRUE !?)
[Thu May 15 01:03:26.776100 2025] [ssl:warn] [pid 1:tid 1] AH01873: Init: Session Cache is not configured [hint: SSLSessionCache]
[Thu May 15 01:03:26.785256 2025] [ssl:warn] [pid 1:tid 1] AH01906: localhost:443:0 server certificate is a CA certificate (BasicConstraints: CA == TRUE !?)
[Thu May 15 01:03:26.811282 2025] [ssl:warn] [pid 1:tid 1] AH01906: localhost:443:0 server certificate is a CA certificate (BasicConstraints: CA == TRUE !?)
[Thu May 15 01:03:26.832836 2025] [mpm_event:notice] [pid 1:tid 1] AH00489: Apache/2.4.63 (Unix) OpenSSL/3.0.15 configured -- resuming normal operations
[Thu May 15 01:03:26.833085 2025] [unixd:alert] [pid 8:tid 8] AH02155: getpwuid: couldn't determine user name from uid 4294967295, you probably need to modify the User directive
[Thu May 15 01:03:26.833274 2025] [unixd:alert] [pid 9:tid 9] AH02155: getpwuid: couldn't determine user name from uid 4294967295, you probably need to modify the User directive
[Thu May 15 01:03:26.833489 2025] [core:notice] [pid 1:tid 1] AH00094: Command line: 'httpd -D FOREGROUND'
[Thu May 15 01:07:35.978968 2025] [mpm_event:notice] [pid 1:tid 1] AH00492: caught SIGWINCH, shutting down gracefully
[Thu May 15 01:08:17.848814 2025] [ssl:warn] [pid 1:tid 1] AH01906: localhost:443:0 server certificate is a CA certificate (BasicConstraints: CA == TRUE !?)
[Thu May 15 01:08:17.893734 2025] [ssl:warn] [pid 1:tid 1] AH01906: localhost:443:0 server certificate is a CA certificate (BasicConstraints: CA == TRUE !?)
[Thu May 15 01:08:17.985133 2025] [ssl:warn] [pid 1:tid 1] AH01873: Init: Session Cache is not configured [hint: SSLSessionCache]
[Thu May 15 01:08:17.998814 2025] [ssl:warn] [pid 1:tid 1] AH01906: localhost:443:0 server certificate is a CA certificate (BasicConstraints: CA == TRUE !?)
[Thu May 15 01:08:18.020475 2025] [ssl:warn] [pid 1:tid 1] AH01906: localhost:443:0 server certificate is a CA certificate (BasicConstraints: CA == TRUE !?)
[Thu May 15 01:08:18.048858 2025] [mpm_event:notice] [pid 1:tid 1] AH00489: Apache/2.4.63 (Unix) OpenSSL/3.0.15 configured -- resuming normal operations
[Thu May 15 01:08:18.049777 2025] [unixd:alert] [pid 8:tid 8] AH02155: getpwuid: couldn't determine user name from uid 4294967295, you probably need to modify the User directive
[Thu May 15 01:08:18.050330 2025] [unixd:alert] [pid 9:tid 9] AH02155: getpwuid: couldn't determine user name from uid 4294967295, you probably need to modify the User directive
[Thu May 15 01:08:18.050679 2025] [core:notice] [pid 1:tid 1] AH00094: Command line: 'httpd -D FOREGROUND'
[Thu May 15 01:15:31.529064 2025] [mpm_event:notice] [pid 1:tid 1] AH00492: caught SIGWINCH, shutting down gracefully
[Thu May 15 01:16:33.647332 2025] [ssl:warn] [pid 1:tid 1] AH01906: localhost:443:0 server certificate is a CA certificate (BasicConstraints: CA == TRUE !?)
[Thu May 15 01:16:33.680407 2025] [ssl:warn] [pid 1:tid 1] AH01906: localhost:443:0 server certificate is a CA certificate (BasicConstraints: CA == TRUE !?)
[Thu May 15 01:16:33.718293 2025] [ssl:warn] [pid 1:tid 1] AH01873: Init: Session Cache is not configured [hint: SSLSessionCache]
[Thu May 15 01:16:33.728705 2025] [ssl:warn] [pid 1:tid 1] AH01906: localhost:443:0 server certificate is a CA certificate (BasicConstraints: CA == TRUE !?)
[Thu May 15 01:16:33.748618 2025] [ssl:warn] [pid 1:tid 1] AH01906: localhost:443:0 server certificate is a CA certificate (BasicConstraints: CA == TRUE !?)
[Thu May 15 01:16:33.771806 2025] [mpm_event:notice] [pid 1:tid 1] AH00489: Apache/2.4.63 (Unix) OpenSSL/3.0.15 configured -- resuming normal operations
[Thu May 15 01:16:33.772061 2025] [unixd:alert] [pid 8:tid 8] AH02155: getpwuid: couldn't determine user name from uid 4294967295, you probably need to modify the User directive
[Thu May 15 01:16:33.772356 2025] [core:notice] [pid 1:tid 1] AH00094: Command line: 'httpd -D FOREGROUND'
[Thu May 15 01:16:33.772437 2025] [unixd:alert] [pid 9:tid 9] AH02155: getpwuid: couldn't determine user name from uid 4294967295, you probably need to modify the User directive
[Thu May 15 01:21:02.296919 2025] [mpm_event:notice] [pid 1:tid 1] AH00492: caught SIGWINCH, shutting down gracefully
[Thu May 15 01:25:12.001928 2025] [ssl:warn] [pid 1:tid 1] AH01906: localhost:443:0 server certificate is a CA certificate (BasicConstraints: CA == TRUE !?)
[Thu May 15 01:25:12.024053 2025] [ssl:warn] [pid 1:tid 1] AH01906: localhost:443:0 server certificate is a CA certificate (BasicConstraints: CA == TRUE !?)
[Thu May 15 01:25:12.056403 2025] [ssl:warn] [pid 1:tid 1] AH01873: Init: Session Cache is not configured [hint: SSLSessionCache]
[Thu May 15 01:25:12.072747 2025] [ssl:warn] [pid 1:tid 1] AH01906: localhost:443:0 server certificate is a CA certificate (BasicConstraints: CA == TRUE !?)
[Thu May 15 01:25:12.098958 2025] [ssl:warn] [pid 1:tid 1] AH01906: localhost:443:0 server certificate is a CA certificate (BasicConstraints: CA == TRUE !?)
[Thu May 15 01:25:12.148422 2025] [mpm_event:notice] [pid 1:tid 1] AH00489: Apache/2.4.63 (Unix) OpenSSL/3.0.15 configured -- resuming normal operations
[Thu May 15 01:25:12.149055 2025] [core:notice] [pid 1:tid 1] AH00094: Command line: 'httpd -D FOREGROUND'
[Thu May 15 01:25:12.149432 2025] [unixd:alert] [pid 9:tid 9] AH02155: getpwuid: couldn't determine user name from uid 4294967295, you probably need to modify the User directive
[Thu May 15 01:25:12.153974 2025] [unixd:alert] [pid 10:tid 10] AH02155: getpwuid: couldn't determine user name from uid 4294967295, you probably need to modify the User directive
[Thu May 15 01:29:31.241085 2025] [mpm_event:notice] [pid 1:tid 1] AH00492: caught SIGWINCH, shutting down gracefully
[Thu May 15 01:29:55.678660 2025] [ssl:warn] [pid 1:tid 1] AH01906: localhost:443:0 server certificate is a CA certificate (BasicConstraints: CA == TRUE !?)
[Thu May 15 01:29:55.702980 2025] [ssl:warn] [pid 1:tid 1] AH01906: localhost:443:0 server certificate is a CA certificate (BasicConstraints: CA == TRUE !?)
[Thu May 15 01:29:55.753227 2025] [ssl:warn] [pid 1:tid 1] AH01873: Init: Session Cache is not configured [hint: SSLSessionCache]
[Thu May 15 01:29:55.771321 2025] [ssl:warn] [pid 1:tid 1] AH01906: localhost:443:0 server certificate is a CA certificate (BasicConstraints: CA == TRUE !?)
[Thu May 15 01:29:55.826694 2025] [ssl:warn] [pid 1:tid 1] AH01906: localhost:443:0 server certificate is a CA certificate (BasicConstraints: CA == TRUE !?)
[Thu May 15 01:29:55.876705 2025] [mpm_event:notice] [pid 1:tid 1] AH00489: Apache/2.4.63 (Unix) OpenSSL/3.0.15 configured -- resuming normal operations
[Thu May 15 01:29:55.877118 2025] [core:notice] [pid 1:tid 1] AH00094: Command line: 'httpd -D FOREGROUND'
[Thu May 15 01:29:55.877826 2025] [unixd:alert] [pid 8:tid 8] AH02155: getpwuid: couldn't determine user name from uid 4294967295, you probably need to modify the User directive
[Thu May 15 01:29:55.879355 2025] [unixd:alert] [pid 9:tid 9] AH02155: getpwuid: couldn't determine user name from uid 4294967295, you probably need to modify the User directive
[Thu May 15 02:15:19.468716 2025] [mpm_event:notice] [pid 1:tid 1] AH00492: caught SIGWINCH, shutting down gracefully
[Thu May 15 02:16:20.221823 2025] [ssl:warn] [pid 1:tid 1] AH01906: localhost:443:0 server certificate is a CA certificate (BasicConstraints: CA == TRUE !?)
[Thu May 15 02:16:20.250145 2025] [ssl:warn] [pid 1:tid 1] AH01906: localhost:443:0 server certificate is a CA certificate (BasicConstraints: CA == TRUE !?)
[Thu May 15 02:16:20.334497 2025] [ssl:warn] [pid 1:tid 1] AH01873: Init: Session Cache is not configured [hint: SSLSessionCache]
[Thu May 15 02:16:20.379255 2025] [ssl:warn] [pid 1:tid 1] AH01906: localhost:443:0 server certificate is a CA certificate (BasicConstraints: CA == TRUE !?)
[Thu May 15 02:16:20.420776 2025] [ssl:warn] [pid 1:tid 1] AH01906: localhost:443:0 server certificate is a CA certificate (BasicConstraints: CA == TRUE !?)
[Thu May 15 02:16:20.496134 2025] [mpm_event:notice] [pid 1:tid 1] AH00489: Apache/2.4.63 (Unix) OpenSSL/3.0.15 configured -- resuming normal operations
[Thu May 15 02:16:20.500537 2025] [core:notice] [pid 1:tid 1] AH00094: Command line: 'httpd -D FOREGROUND'
[Thu May 15 02:16:20.496340 2025] [unixd:alert] [pid 8:tid 8] AH02155: getpwuid: couldn't determine user name from uid 4294967295, you probably need to modify the User directive
[Thu May 15 02:16:20.496938 2025] [unixd:alert] [pid 9:tid 9] AH02155: getpwuid: couldn't determine user name from uid 4294967295, you probably need to modify the User directive
[Thu May 15 02:23:51.532444 2025] [mpm_event:notice] [pid 1:tid 1] AH00492: caught SIGWINCH, shutting down gracefully
[Thu May 15 02:29:21.933794 2025] [ssl:warn] [pid 1:tid 1] AH01906: localhost:443:0 server certificate is a CA certificate (BasicConstraints: CA == TRUE !?)
[Thu May 15 02:29:21.951203 2025] [ssl:warn] [pid 1:tid 1] AH01906: localhost:443:0 server certificate is a CA certificate (BasicConstraints: CA == TRUE !?)
[Thu May 15 02:29:21.985170 2025] [ssl:warn] [pid 1:tid 1] AH01873: Init: Session Cache is not configured [hint: SSLSessionCache]
[Thu May 15 02:29:21.989045 2025] [ssl:warn] [pid 1:tid 1] AH01906: localhost:443:0 server certificate is a CA certificate (BasicConstraints: CA == TRUE !?)
[Thu May 15 02:29:22.007121 2025] [ssl:warn] [pid 1:tid 1] AH01906: localhost:443:0 server certificate is a CA certificate (BasicConstraints: CA == TRUE !?)
[Thu May 15 02:29:22.031357 2025] [mpm_event:notice] [pid 1:tid 1] AH00489: Apache/2.4.63 (Unix) OpenSSL/3.0.15 configured -- resuming normal operations
[Thu May 15 02:29:22.031669 2025] [unixd:alert] [pid 8:tid 8] AH02155: getpwuid: couldn't determine user name from uid 4294967295, you probably need to modify the User directive
[Thu May 15 02:29:22.031810 2025] [core:notice] [pid 1:tid 1] AH00094: Command line: 'httpd -D FOREGROUND'
[Thu May 15 02:29:22.032046 2025] [unixd:alert] [pid 9:tid 9] AH02155: getpwuid: couldn't determine user name from uid 4294967295, you probably need to modify the User directive
[Thu May 15 02:34:58.926867 2025] [mpm_event:notice] [pid 1:tid 1] AH00492: caught SIGWINCH, shutting down gracefully
[Thu May 15 02:37:21.952202 2025] [ssl:warn] [pid 1:tid 1] AH01906: localhost:443:0 server certificate is a CA certificate (BasicConstraints: CA == TRUE !?)
[Thu May 15 02:37:21.962824 2025] [ssl:warn] [pid 1:tid 1] AH01906: localhost:443:0 server certificate is a CA certificate (BasicConstraints: CA == TRUE !?)
[Thu May 15 02:37:22.005772 2025] [ssl:warn] [pid 1:tid 1] AH01873: Init: Session Cache is not configured [hint: SSLSessionCache]
[Thu May 15 02:37:22.009612 2025] [ssl:warn] [pid 1:tid 1] AH01906: localhost:443:0 server certificate is a CA certificate (BasicConstraints: CA == TRUE !?)
[Thu May 15 02:37:22.020369 2025] [ssl:warn] [pid 1:tid 1] AH01906: localhost:443:0 server certificate is a CA certificate (BasicConstraints: CA == TRUE !?)
[Thu May 15 02:37:22.039654 2025] [mpm_event:notice] [pid 1:tid 1] AH00489: Apache/2.4.63 (Unix) OpenSSL/3.0.15 configured -- resuming normal operations
[Thu May 15 02:37:22.040428 2025] [core:notice] [pid 1:tid 1] AH00094: Command line: 'httpd -D FOREGROUND'
[Thu May 15 02:37:22.039942 2025] [unixd:alert] [pid 8:tid 8] AH02155: getpwuid: couldn't determine user name from uid 4294967295, you probably need to modify the User directive
[Thu May 15 02:37:22.040423 2025] [unixd:alert] [pid 9:tid 9] AH02155: getpwuid: couldn't determine user name from uid 4294967295, you probably need to modify the User directive
[Thu May 15 03:23:15.009082 2025] [mpm_event:notice] [pid 1:tid 1] AH00492: caught SIGWINCH, shutting down gracefully
[Thu May 15 03:24:29.242822 2025] [ssl:warn] [pid 1:tid 1] AH01906: monapp.local:443:0 server certificate is a CA certificate (BasicConstraints: CA == TRUE !?)
[Thu May 15 03:24:29.244895 2025] [ssl:warn] [pid 1:tid 1] AH01909: monapp.local:443:0 server certificate does NOT include an ID which matches the server name
[Thu May 15 03:24:29.320353 2025] [ssl:warn] [pid 1:tid 1] AH01906: localhost:443:0 server certificate is a CA certificate (BasicConstraints: CA == TRUE !?)
[Thu May 15 03:24:29.359825 2025] [core:error] [pid 1:tid 1] (EAI 2)Name or service not known: AH00547: Could not resolve host name *8443 -- ignoring!
[Thu May 15 03:24:29.374451 2025] [ssl:warn] [pid 1:tid 1] AH01873: Init: Session Cache is not configured [hint: SSLSessionCache]
[Thu May 15 03:24:29.377886 2025] [ssl:warn] [pid 1:tid 1] AH01906: monapp.local:443:0 server certificate is a CA certificate (BasicConstraints: CA == TRUE !?)
[Thu May 15 03:24:29.378407 2025] [ssl:warn] [pid 1:tid 1] AH01909: monapp.local:443:0 server certificate does NOT include an ID which matches the server name
[Thu May 15 03:24:29.418872 2025] [ssl:warn] [pid 1:tid 1] AH01906: localhost:443:0 server certificate is a CA certificate (BasicConstraints: CA == TRUE !?)
[Thu May 15 03:24:29.445967 2025] [mpm_event:notice] [pid 1:tid 1] AH00489: Apache/2.4.63 (Unix) OpenSSL/3.0.15 configured -- resuming normal operations
[Thu May 15 03:24:29.446085 2025] [unixd:alert] [pid 7:tid 7] AH02155: getpwuid: couldn't determine user name from uid 4294967295, you probably need to modify the User directive
[Thu May 15 03:24:29.446512 2025] [unixd:alert] [pid 8:tid 8] AH02155: getpwuid: couldn't determine user name from uid 4294967295, you probably need to modify the User directive
[Thu May 15 03:24:29.447187 2025] [core:notice] [pid 1:tid 1] AH00094: Command line: 'httpd -D FOREGROUND'
[Thu May 15 03:25:34.114897 2025] [mpm_event:notice] [pid 1:tid 1] AH00492: caught SIGWINCH, shutting down gracefully
[Thu May 15 06:29:33.910890 2025] [ssl:warn] [pid 1:tid 1] AH01906: monapp.local:443:0 server certificate is a CA certificate (BasicConstraints: CA == TRUE !?)
[Thu May 15 06:29:33.913371 2025] [ssl:warn] [pid 1:tid 1] AH01909: monapp.local:443:0 server certificate does NOT include an ID which matches the server name
[Thu May 15 06:29:33.941202 2025] [ssl:warn] [pid 1:tid 1] AH01906: localhost:443:0 server certificate is a CA certificate (BasicConstraints: CA == TRUE !?)
[Thu May 15 06:29:33.987434 2025] [ssl:warn] [pid 1:tid 1] AH01873: Init: Session Cache is not configured [hint: SSLSessionCache]
[Thu May 15 06:29:33.991117 2025] [ssl:warn] [pid 1:tid 1] AH01906: monapp.local:443:0 server certificate is a CA certificate (BasicConstraints: CA == TRUE !?)
[Thu May 15 06:29:33.991664 2025] [ssl:warn] [pid 1:tid 1] AH01909: monapp.local:443:0 server certificate does NOT include an ID which matches the server name
[Thu May 15 06:29:34.007413 2025] [ssl:warn] [pid 1:tid 1] AH01906: localhost:443:0 server certificate is a CA certificate (BasicConstraints: CA == TRUE !?)
[Thu May 15 06:29:34.037236 2025] [mpm_event:notice] [pid 1:tid 1] AH00489: Apache/2.4.63 (Unix) OpenSSL/3.0.15 configured -- resuming normal operations
[Thu May 15 06:29:34.037850 2025] [unixd:alert] [pid 9:tid 9] AH02155: getpwuid: couldn't determine user name from uid 4294967295, you probably need to modify the User directive
[Thu May 15 06:29:34.037459 2025] [unixd:alert] [pid 8:tid 8] AH02155: getpwuid: couldn't determine user name from uid 4294967295, you probably need to modify the User directive
[Thu May 15 06:29:34.037967 2025] [core:notice] [pid 1:tid 1] AH00094: Command line: 'httpd -D FOREGROUND'
[Thu May 15 06:39:16.443564 2025] [mpm_event:notice] [pid 1:tid 1] AH00492: caught SIGWINCH, shutting down gracefully
[Thu May 15 06:39:59.569328 2025] [ssl:warn] [pid 1:tid 1] AH01906: monapp.local:443:0 server certificate is a CA certificate (BasicConstraints: CA == TRUE !?)
[Thu May 15 06:39:59.570067 2025] [ssl:warn] [pid 1:tid 1] AH01909: monapp.local:443:0 server certificate does NOT include an ID which matches the server name
[Thu May 15 06:39:59.592729 2025] [ssl:warn] [pid 1:tid 1] AH01906: localhost:443:0 server certificate is a CA certificate (BasicConstraints: CA == TRUE !?)
[Thu May 15 06:39:59.648334 2025] [ssl:warn] [pid 1:tid 1] AH01873: Init: Session Cache is not configured [hint: SSLSessionCache]
[Thu May 15 06:39:59.653876 2025] [ssl:warn] [pid 1:tid 1] AH01906: monapp.local:443:0 server certificate is a CA certificate (BasicConstraints: CA == TRUE !?)
[Thu May 15 06:39:59.654504 2025] [ssl:warn] [pid 1:tid 1] AH01909: monapp.local:443:0 server certificate does NOT include an ID which matches the server name
[Thu May 15 06:39:59.675586 2025] [ssl:warn] [pid 1:tid 1] AH01906: localhost:443:0 server certificate is a CA certificate (BasicConstraints: CA == TRUE !?)
[Thu May 15 06:39:59.700852 2025] [mpm_event:notice] [pid 1:tid 1] AH00489: Apache/2.4.63 (Unix) OpenSSL/3.0.15 configured -- resuming normal operations
[Thu May 15 06:39:59.701148 2025] [unixd:alert] [pid 7:tid 7] AH02155: getpwuid: couldn't determine user name from uid 4294967295, you probably need to modify the User directive
[Thu May 15 06:39:59.701609 2025] [unixd:alert] [pid 8:tid 8] AH02155: getpwuid: couldn't determine user name from uid 4294967295, you probably need to modify the User directive
[Thu May 15 06:39:59.701636 2025] [core:notice] [pid 1:tid 1] AH00094: Command line: 'httpd -D FOREGROUND'
[Thu May 15 06:43:31.922338 2025] [mpm_event:notice] [pid 1:tid 1] AH00492: caught SIGWINCH, shutting down gracefully
[Thu May 15 06:44:47.388421 2025] [ssl:warn] [pid 1:tid 1] AH01906: monapp.local:443:0 server certificate is a CA certificate (BasicConstraints: CA == TRUE !?)
[Thu May 15 06:44:47.389185 2025] [ssl:warn] [pid 1:tid 1] AH01909: monapp.local:443:0 server certificate does NOT include an ID which matches the server name
[Thu May 15 06:44:47.427268 2025] [ssl:warn] [pid 1:tid 1] AH01906: localhost:443:0 server certificate is a CA certificate (BasicConstraints: CA == TRUE !?)
[Thu May 15 06:44:47.492633 2025] [ssl:warn] [pid 1:tid 1] AH01873: Init: Session Cache is not configured [hint: SSLSessionCache]
[Thu May 15 06:44:47.496522 2025] [ssl:warn] [pid 1:tid 1] AH01906: monapp.local:443:0 server certificate is a CA certificate (BasicConstraints: CA == TRUE !?)
[Thu May 15 06:44:47.497048 2025] [ssl:warn] [pid 1:tid 1] AH01909: monapp.local:443:0 server certificate does NOT include an ID which matches the server name
[Thu May 15 06:44:47.512916 2025] [ssl:warn] [pid 1:tid 1] AH01906: localhost:443:0 server certificate is a CA certificate (BasicConstraints: CA == TRUE !?)
[Thu May 15 06:44:47.547249 2025] [mpm_event:notice] [pid 1:tid 1] AH00489: Apache/2.4.63 (Unix) OpenSSL/3.0.15 configured -- resuming normal operations
[Thu May 15 06:44:47.547535 2025] [unixd:alert] [pid 9:tid 9] AH02155: getpwuid: couldn't determine user name from uid 4294967295, you probably need to modify the User directive
[Thu May 15 06:44:47.547670 2025] [core:notice] [pid 1:tid 1] AH00094: Command line: 'httpd -D FOREGROUND'
[Thu May 15 06:44:47.547897 2025] [unixd:alert] [pid 10:tid 10] AH02155: getpwuid: couldn't determine user name from uid 4294967295, you probably need to modify the User directive
[Thu May 15 06:53:29.705527 2025] [mpm_event:notice] [pid 1:tid 1] AH00492: caught SIGWINCH, shutting down gracefully
[Thu May 15 06:58:06.315719 2025] [ssl:warn] [pid 1:tid 1] AH01906: monapp.local:443:0 server certificate is a CA certificate (BasicConstraints: CA == TRUE !?)
[Thu May 15 06:58:06.322105 2025] [ssl:warn] [pid 1:tid 1] AH01909: monapp.local:443:0 server certificate does NOT include an ID which matches the server name
[Thu May 15 06:58:06.337774 2025] [ssl:warn] [pid 1:tid 1] AH01906: localhost:443:0 server certificate is a CA certificate (BasicConstraints: CA == TRUE !?)
[Thu May 15 06:58:06.373628 2025] [ssl:warn] [pid 1:tid 1] AH01873: Init: Session Cache is not configured [hint: SSLSessionCache]
[Thu May 15 06:58:06.377449 2025] [ssl:warn] [pid 1:tid 1] AH01906: monapp.local:443:0 server certificate is a CA certificate (BasicConstraints: CA == TRUE !?)
[Thu May 15 06:58:06.378036 2025] [ssl:warn] [pid 1:tid 1] AH01909: monapp.local:443:0 server certificate does NOT include an ID which matches the server name
[Thu May 15 06:58:06.391313 2025] [ssl:warn] [pid 1:tid 1] AH01906: localhost:443:0 server certificate is a CA certificate (BasicConstraints: CA == TRUE !?)
[Thu May 15 06:58:06.414666 2025] [mpm_event:notice] [pid 1:tid 1] AH00489: Apache/2.4.63 (Unix) OpenSSL/3.0.15 configured -- resuming normal operations
[Thu May 15 06:58:06.414940 2025] [unixd:alert] [pid 7:tid 7] AH02155: getpwuid: couldn't determine user name from uid 4294967295, you probably need to modify the User directive
[Thu May 15 06:58:06.415196 2025] [core:notice] [pid 1:tid 1] AH00094: Command line: 'httpd -D FOREGROUND'
[Thu May 15 06:58:06.415413 2025] [unixd:alert] [pid 8:tid 8] AH02155: getpwuid: couldn't determine user name from uid 4294967295, you probably need to modify the User directive
[Thu May 15 07:22:47.248956 2025] [mpm_event:notice] [pid 1:tid 1] AH00492: caught SIGWINCH, shutting down gracefully
[Thu May 15 07:23:29.680508 2025] [ssl:warn] [pid 1:tid 1] AH01906: monapp.local:443:0 server certificate is a CA certificate (BasicConstraints: CA == TRUE !?)
[Thu May 15 07:23:29.681179 2025] [ssl:warn] [pid 1:tid 1] AH01909: monapp.local:443:0 server certificate does NOT include an ID which matches the server name
[Thu May 15 07:23:29.698118 2025] [ssl:warn] [pid 1:tid 1] AH01906: localhost:443:0 server certificate is a CA certificate (BasicConstraints: CA == TRUE !?)
[Thu May 15 07:23:29.781775 2025] [ssl:warn] [pid 1:tid 1] AH01873: Init: Session Cache is not configured [hint: SSLSessionCache]
[Thu May 15 07:23:29.785107 2025] [ssl:warn] [pid 1:tid 1] AH01906: monapp.local:443:0 server certificate is a CA certificate (BasicConstraints: CA == TRUE !?)
[Thu May 15 07:23:29.785854 2025] [ssl:warn] [pid 1:tid 1] AH01909: monapp.local:443:0 server certificate does NOT include an ID which matches the server name
[Thu May 15 07:23:29.809812 2025] [ssl:warn] [pid 1:tid 1] AH01906: localhost:443:0 server certificate is a CA certificate (BasicConstraints: CA == TRUE !?)
[Thu May 15 07:23:29.858017 2025] [mpm_event:notice] [pid 1:tid 1] AH00489: Apache/2.4.63 (Unix) OpenSSL/3.0.15 configured -- resuming normal operations
[Thu May 15 07:23:29.858353 2025] [unixd:alert] [pid 8:tid 8] AH02155: getpwuid: couldn't determine user name from uid 4294967295, you probably need to modify the User directive
[Thu May 15 07:23:29.858664 2025] [core:notice] [pid 1:tid 1] AH00094: Command line: 'httpd -D FOREGROUND'
[Thu May 15 07:23:29.858850 2025] [unixd:alert] [pid 9:tid 9] AH02155: getpwuid: couldn't determine user name from uid 4294967295, you probably need to modify the User directive
[Thu May 15 07:27:55.958043 2025] [mpm_event:notice] [pid 1:tid 1] AH00492: caught SIGWINCH, shutting down gracefully
[Thu May 15 07:29:05.419567 2025] [ssl:warn] [pid 1:tid 1] AH01906: monapp.local:443:0 server certificate is a CA certificate (BasicConstraints: CA == TRUE !?)
[Thu May 15 07:29:05.423104 2025] [ssl:warn] [pid 1:tid 1] AH01909: monapp.local:443:0 server certificate does NOT include an ID which matches the server name
[Thu May 15 07:29:05.455605 2025] [ssl:warn] [pid 1:tid 1] AH01906: localhost:443:0 server certificate is a CA certificate (BasicConstraints: CA == TRUE !?)
[Thu May 15 07:29:05.574246 2025] [ssl:warn] [pid 1:tid 1] AH01873: Init: Session Cache is not configured [hint: SSLSessionCache]
[Thu May 15 07:29:05.579740 2025] [ssl:warn] [pid 1:tid 1] AH01906: monapp.local:443:0 server certificate is a CA certificate (BasicConstraints: CA == TRUE !?)
[Thu May 15 07:29:05.582282 2025] [ssl:warn] [pid 1:tid 1] AH01909: monapp.local:443:0 server certificate does NOT include an ID which matches the server name
[Thu May 15 07:29:05.601354 2025] [ssl:warn] [pid 1:tid 1] AH01906: localhost:443:0 server certificate is a CA certificate (BasicConstraints: CA == TRUE !?)
[Thu May 15 07:29:05.637071 2025] [mpm_event:notice] [pid 1:tid 1] AH00489: Apache/2.4.63 (Unix) OpenSSL/3.0.15 configured -- resuming normal operations
[Thu May 15 07:29:05.637324 2025] [unixd:alert] [pid 8:tid 8] AH02155: getpwuid: couldn't determine user name from uid 4294967295, you probably need to modify the User directive
[Thu May 15 07:29:05.637715 2025] [unixd:alert] [pid 9:tid 9] AH02155: getpwuid: couldn't determine user name from uid 4294967295, you probably need to modify the User directive
[Thu May 15 07:29:05.638062 2025] [core:notice] [pid 1:tid 1] AH00094: Command line: 'httpd -D FOREGROUND'
[Thu May 15 07:31:53.995452 2025] [mpm_event:notice] [pid 1:tid 1] AH00492: caught SIGWINCH, shutting down gracefully
[Thu May 15 07:33:20.645889 2025] [ssl:warn] [pid 1:tid 1] AH01906: localhost:443:0 server certificate is a CA certificate (BasicConstraints: CA == TRUE !?)
[Thu May 15 07:33:20.657968 2025] [ssl:warn] [pid 1:tid 1] AH01906: localhost:443:0 server certificate is a CA certificate (BasicConstraints: CA == TRUE !?)
[Thu May 15 07:33:20.692605 2025] [ssl:warn] [pid 1:tid 1] AH01873: Init: Session Cache is not configured [hint: SSLSessionCache]
[Thu May 15 07:33:20.696274 2025] [ssl:warn] [pid 1:tid 1] AH01906: localhost:443:0 server certificate is a CA certificate (BasicConstraints: CA == TRUE !?)
[Thu May 15 07:33:20.713014 2025] [ssl:warn] [pid 1:tid 1] AH01906: localhost:443:0 server certificate is a CA certificate (BasicConstraints: CA == TRUE !?)
[Thu May 15 07:33:20.739039 2025] [mpm_event:notice] [pid 1:tid 1] AH00489: Apache/2.4.63 (Unix) OpenSSL/3.0.15 configured -- resuming normal operations
[Thu May 15 07:33:20.739312 2025] [unixd:alert] [pid 7:tid 7] AH02155: getpwuid: couldn't determine user name from uid 4294967295, you probably need to modify the User directive
[Thu May 15 07:33:20.739618 2025] [core:notice] [pid 1:tid 1] AH00094: Command line: 'httpd -D FOREGROUND'
[Thu May 15 07:33:20.739631 2025] [unixd:alert] [pid 8:tid 8] AH02155: getpwuid: couldn't determine user name from uid 4294967295, you probably need to modify the User directive
[Thu May 15 07:33:43.309855 2025] [mpm_event:notice] [pid 1:tid 1] AH00492: caught SIGWINCH, shutting down gracefully
[Thu May 15 07:33:45.570644 2025] [ssl:warn] [pid 1:tid 1] AH01906: localhost:443:0 server certificate is a CA certificate (BasicConstraints: CA == TRUE !?)
[Thu May 15 07:33:45.619993 2025] [ssl:warn] [pid 1:tid 1] AH01906: localhost:443:0 server certificate is a CA certificate (BasicConstraints: CA == TRUE !?)
[Thu May 15 07:33:45.657732 2025] [ssl:warn] [pid 1:tid 1] AH01873: Init: Session Cache is not configured [hint: SSLSessionCache]
[Thu May 15 07:33:45.661536 2025] [ssl:warn] [pid 1:tid 1] AH01906: localhost:443:0 server certificate is a CA certificate (BasicConstraints: CA == TRUE !?)
[Thu May 15 07:33:45.681002 2025] [ssl:warn] [pid 1:tid 1] AH01906: localhost:443:0 server certificate is a CA certificate (BasicConstraints: CA == TRUE !?)
[Thu May 15 07:33:45.700794 2025] [mpm_event:notice] [pid 1:tid 1] AH00489: Apache/2.4.63 (Unix) OpenSSL/3.0.15 configured -- resuming normal operations
[Thu May 15 07:33:45.701110 2025] [unixd:alert] [pid 8:tid 8] AH02155: getpwuid: couldn't determine user name from uid 4294967295, you probably need to modify the User directive
[Thu May 15 07:33:45.701420 2025] [unixd:alert] [pid 9:tid 9] AH02155: getpwuid: couldn't determine user name from uid 4294967295, you probably need to modify the User directive
[Thu May 15 07:33:45.701710 2025] [core:notice] [pid 1:tid 1] AH00094: Command line: 'httpd -D FOREGROUND'
[Thu May 15 07:35:51.722734 2025] [mpm_event:notice] [pid 1:tid 1] AH00492: caught SIGWINCH, shutting down gracefully
[Thu May 15 07:37:19.431240 2025] [ssl:warn] [pid 1:tid 1] AH01906: localhost:443:0 server certificate is a CA certificate (BasicConstraints: CA == TRUE !?)
[Thu May 15 07:37:19.442421 2025] [ssl:warn] [pid 1:tid 1] AH01906: localhost:443:0 server certificate is a CA certificate (BasicConstraints: CA == TRUE !?)
[Thu May 15 07:37:19.476878 2025] [ssl:warn] [pid 1:tid 1] AH01873: Init: Session Cache is not configured [hint: SSLSessionCache]
[Thu May 15 07:37:19.480760 2025] [ssl:warn] [pid 1:tid 1] AH01906: localhost:443:0 server certificate is a CA certificate (BasicConstraints: CA == TRUE !?)
[Thu May 15 07:37:19.518004 2025] [ssl:warn] [pid 1:tid 1] AH01906: localhost:443:0 server certificate is a CA certificate (BasicConstraints: CA == TRUE !?)
[Thu May 15 07:37:19.554558 2025] [mpm_event:notice] [pid 1:tid 1] AH00489: Apache/2.4.63 (Unix) OpenSSL/3.0.15 configured -- resuming normal operations
[Thu May 15 07:37:19.554783 2025] [unixd:alert] [pid 8:tid 8] AH02155: getpwuid: couldn't determine user name from uid 4294967295, you probably need to modify the User directive
[Thu May 15 07:37:19.555112 2025] [core:notice] [pid 1:tid 1] AH00094: Command line: 'httpd -D FOREGROUND'
[Thu May 15 07:37:19.555167 2025] [unixd:alert] [pid 9:tid 9] AH02155: getpwuid: couldn't determine user name from uid 4294967295, you probably need to modify the User directive
[Thu May 15 07:38:11.025057 2025] [mpm_event:notice] [pid 1:tid 1] AH00492: caught SIGWINCH, shutting down gracefully
[Thu May 15 07:38:13.457899 2025] [ssl:warn] [pid 1:tid 1] AH01906: localhost:443:0 server certificate is a CA certificate (BasicConstraints: CA == TRUE !?)
[Thu May 15 07:38:13.476917 2025] [ssl:warn] [pid 1:tid 1] AH01906: localhost:443:0 server certificate is a CA certificate (BasicConstraints: CA == TRUE !?)
[Thu May 15 07:38:13.510481 2025] [ssl:warn] [pid 1:tid 1] AH01873: Init: Session Cache is not configured [hint: SSLSessionCache]
[Thu May 15 07:38:13.512844 2025] [ssl:warn] [pid 1:tid 1] AH01906: localhost:443:0 server certificate is a CA certificate (BasicConstraints: CA == TRUE !?)
[Thu May 15 07:38:13.522107 2025] [ssl:warn] [pid 1:tid 1] AH01906: localhost:443:0 server certificate is a CA certificate (BasicConstraints: CA == TRUE !?)
[Thu May 15 07:38:13.540254 2025] [mpm_event:notice] [pid 1:tid 1] AH00489: Apache/2.4.63 (Unix) OpenSSL/3.0.15 configured -- resuming normal operations
[Thu May 15 07:38:13.540401 2025] [unixd:alert] [pid 8:tid 8] AH02155: getpwuid: couldn't determine user name from uid 4294967295, you probably need to modify the User directive
[Thu May 15 07:38:13.540742 2025] [unixd:alert] [pid 9:tid 9] AH02155: getpwuid: couldn't determine user name from uid 4294967295, you probably need to modify the User directive
[Thu May 15 07:38:13.540785 2025] [core:notice] [pid 1:tid 1] AH00094: Command line: 'httpd -D FOREGROUND'
[Thu May 15 07:41:08.057752 2025] [mpm_event:notice] [pid 1:tid 1] AH00492: caught SIGWINCH, shutting down gracefully
[Thu May 15 07:41:53.718936 2025] [ssl:warn] [pid 1:tid 1] AH01906: localhost:443:0 server certificate is a CA certificate (BasicConstraints: CA == TRUE !?)
[Thu May 15 07:41:53.732529 2025] [ssl:warn] [pid 1:tid 1] AH01906: localhost:443:0 server certificate is a CA certificate (BasicConstraints: CA == TRUE !?)
[Thu May 15 07:41:53.767702 2025] [ssl:warn] [pid 1:tid 1] AH01873: Init: Session Cache is not configured [hint: SSLSessionCache]
[Thu May 15 07:41:53.771363 2025] [ssl:warn] [pid 1:tid 1] AH01906: localhost:443:0 server certificate is a CA certificate (BasicConstraints: CA == TRUE !?)
[Thu May 15 07:41:53.788661 2025] [ssl:warn] [pid 1:tid 1] AH01906: localhost:443:0 server certificate is a CA certificate (BasicConstraints: CA == TRUE !?)
[Thu May 15 07:41:53.828349 2025] [mpm_event:notice] [pid 1:tid 1] AH00489: Apache/2.4.63 (Unix) OpenSSL/3.0.15 configured -- resuming normal operations
[Thu May 15 07:41:53.828560 2025] [unixd:alert] [pid 8:tid 8] AH02155: getpwuid: couldn't determine user name from uid 4294967295, you probably need to modify the User directive
[Thu May 15 07:41:53.828829 2025] [core:notice] [pid 1:tid 1] AH00094: Command line: 'httpd -D FOREGROUND'
[Thu May 15 07:41:53.828957 2025] [unixd:alert] [pid 9:tid 9] AH02155: getpwuid: couldn't determine user name from uid 4294967295, you probably need to modify the User directive
[Thu May 15 07:52:30.147774 2025] [mpm_event:notice] [pid 1:tid 1] AH00492: caught SIGWINCH, shutting down gracefully
[Thu May 15 07:53:15.358903 2025] [ssl:warn] [pid 1:tid 1] AH01906: localhost:443:0 server certificate is a CA certificate (BasicConstraints: CA == TRUE !?)
[Thu May 15 07:53:15.368494 2025] [ssl:warn] [pid 1:tid 1] AH01906: localhost:443:0 server certificate is a CA certificate (BasicConstraints: CA == TRUE !?)
[Thu May 15 07:53:15.400796 2025] [ssl:warn] [pid 1:tid 1] AH01873: Init: Session Cache is not configured [hint: SSLSessionCache]
[Thu May 15 07:53:15.404232 2025] [ssl:warn] [pid 1:tid 1] AH01906: localhost:443:0 server certificate is a CA certificate (BasicConstraints: CA == TRUE !?)
[Thu May 15 07:53:15.433083 2025] [ssl:warn] [pid 1:tid 1] AH01906: localhost:443:0 server certificate is a CA certificate (BasicConstraints: CA == TRUE !?)
[Thu May 15 07:53:15.454799 2025] [mpm_event:notice] [pid 1:tid 1] AH00489: Apache/2.4.63 (Unix) OpenSSL/3.0.15 configured -- resuming normal operations
[Thu May 15 07:53:15.455048 2025] [unixd:alert] [pid 8:tid 8] AH02155: getpwuid: couldn't determine user name from uid 4294967295, you probably need to modify the User directive
[Thu May 15 07:53:15.455297 2025] [unixd:alert] [pid 9:tid 9] AH02155: getpwuid: couldn't determine user name from uid 4294967295, you probably need to modify the User directive
[Thu May 15 07:53:15.455558 2025] [core:notice] [pid 1:tid 1] AH00094: Command line: 'httpd -D FOREGROUND'
[Thu May 15 07:55:40.426595 2025] [mpm_event:notice] [pid 1:tid 1] AH00492: caught SIGWINCH, shutting down gracefully
[Thu May 15 07:56:18.249698 2025] [ssl:warn] [pid 1:tid 1] AH01906: localhost:443:0 server certificate is a CA certificate (BasicConstraints: CA == TRUE !?)
[Thu May 15 07:56:18.281984 2025] [ssl:warn] [pid 1:tid 1] AH01906: localhost:443:0 server certificate is a CA certificate (BasicConstraints: CA == TRUE !?)
[Thu May 15 07:56:18.317738 2025] [ssl:warn] [pid 1:tid 1] AH01873: Init: Session Cache is not configured [hint: SSLSessionCache]
[Thu May 15 07:56:18.321470 2025] [ssl:warn] [pid 1:tid 1] AH01906: localhost:443:0 server certificate is a CA certificate (BasicConstraints: CA == TRUE !?)
[Thu May 15 07:56:18.333749 2025] [ssl:warn] [pid 1:tid 1] AH01906: localhost:443:0 server certificate is a CA certificate (BasicConstraints: CA == TRUE !?)
[Thu May 15 07:56:18.357690 2025] [mpm_event:notice] [pid 1:tid 1] AH00489: Apache/2.4.63 (Unix) OpenSSL/3.0.15 configured -- resuming normal operations
[Thu May 15 07:56:18.358278 2025] [unixd:alert] [pid 10:tid 10] AH02155: getpwuid: couldn't determine user name from uid 4294967295, you probably need to modify the User directive
[Thu May 15 07:56:18.357928 2025] [unixd:alert] [pid 9:tid 9] AH02155: getpwuid: couldn't determine user name from uid 4294967295, you probably need to modify the User directive
[Thu May 15 07:56:18.358391 2025] [core:notice] [pid 1:tid 1] AH00094: Command line: 'httpd -D FOREGROUND'
[Thu May 15 08:02:07.260548 2025] [mpm_event:notice] [pid 1:tid 1] AH00492: caught SIGWINCH, shutting down gracefully
[Thu May 15 08:02:47.472947 2025] [ssl:warn] [pid 1:tid 1] AH01906: localhost:443:0 server certificate is a CA certificate (BasicConstraints: CA == TRUE !?)
[Thu May 15 08:02:47.484614 2025] [ssl:warn] [pid 1:tid 1] AH01906: localhost:443:0 server certificate is a CA certificate (BasicConstraints: CA == TRUE !?)
[Thu May 15 08:02:47.551662 2025] [ssl:warn] [pid 1:tid 1] AH01873: Init: Session Cache is not configured [hint: SSLSessionCache]
[Thu May 15 08:02:47.555981 2025] [ssl:warn] [pid 1:tid 1] AH01906: localhost:443:0 server certificate is a CA certificate (BasicConstraints: CA == TRUE !?)
[Thu May 15 08:02:47.586970 2025] [ssl:warn] [pid 1:tid 1] AH01906: localhost:443:0 server certificate is a CA certificate (BasicConstraints: CA == TRUE !?)
[Thu May 15 08:02:47.646829 2025] [mpm_event:notice] [pid 1:tid 1] AH00489: Apache/2.4.63 (Unix) OpenSSL/3.0.15 configured -- resuming normal operations
[Thu May 15 08:02:47.647107 2025] [unixd:alert] [pid 7:tid 7] AH02155: getpwuid: couldn't determine user name from uid 4294967295, you probably need to modify the User directive
[Thu May 15 08:02:47.647451 2025] [unixd:alert] [pid 8:tid 8] AH02155: getpwuid: couldn't determine user name from uid 4294967295, you probably need to modify the User directive
[Thu May 15 08:02:47.651781 2025] [core:notice] [pid 1:tid 1] AH00094: Command line: 'httpd -D FOREGROUND'
[Thu May 15 08:13:53.122815 2025] [mpm_event:notice] [pid 1:tid 1] AH00492: caught SIGWINCH, shutting down gracefully
[Thu May 15 08:14:33.695271 2025] [ssl:warn] [pid 1:tid 1] AH01906: localhost:443:0 server certificate is a CA certificate (BasicConstraints: CA == TRUE !?)
[Thu May 15 08:14:33.705446 2025] [ssl:warn] [pid 1:tid 1] AH01906: localhost:443:0 server certificate is a CA certificate (BasicConstraints: CA == TRUE !?)
[Thu May 15 08:14:33.739356 2025] [ssl:warn] [pid 1:tid 1] AH01873: Init: Session Cache is not configured [hint: SSLSessionCache]
[Thu May 15 08:14:33.743651 2025] [ssl:warn] [pid 1:tid 1] AH01906: localhost:443:0 server certificate is a CA certificate (BasicConstraints: CA == TRUE !?)
[Thu May 15 08:14:33.768308 2025] [ssl:warn] [pid 1:tid 1] AH01906: localhost:443:0 server certificate is a CA certificate (BasicConstraints: CA == TRUE !?)
[Thu May 15 08:14:33.812954 2025] [unixd:alert] [pid 8:tid 8] AH02155: getpwuid: couldn't determine user name from uid 4294967295, you probably need to modify the User directive
[Thu May 15 08:14:33.815120 2025] [mpm_event:notice] [pid 1:tid 1] AH00489: Apache/2.4.63 (Unix) OpenSSL/3.0.15 configured -- resuming normal operations
[Thu May 15 08:14:33.821638 2025] [core:notice] [pid 1:tid 1] AH00094: Command line: 'httpd -D FOREGROUND'
[Thu May 15 08:14:33.815978 2025] [unixd:alert] [pid 9:tid 9] AH02155: getpwuid: couldn't determine user name from uid 4294967295, you probably need to modify the User directive
[Thu May 15 08:16:42.380836 2025] [mpm_event:notice] [pid 1:tid 1] AH00492: caught SIGWINCH, shutting down gracefully
[Thu May 15 08:17:25.111168 2025] [ssl:warn] [pid 1:tid 1] AH01906: localhost:443:0 server certificate is a CA certificate (BasicConstraints: CA == TRUE !?)
[Thu May 15 08:17:25.166679 2025] [ssl:warn] [pid 1:tid 1] AH01906: localhost:443:0 server certificate is a CA certificate (BasicConstraints: CA == TRUE !?)
[Thu May 15 08:17:25.208575 2025] [ssl:warn] [pid 1:tid 1] AH01873: Init: Session Cache is not configured [hint: SSLSessionCache]
[Thu May 15 08:17:25.212411 2025] [ssl:warn] [pid 1:tid 1] AH01906: localhost:443:0 server certificate is a CA certificate (BasicConstraints: CA == TRUE !?)
[Thu May 15 08:17:25.234859 2025] [ssl:warn] [pid 1:tid 1] AH01906: localhost:443:0 server certificate is a CA certificate (BasicConstraints: CA == TRUE !?)
[Thu May 15 08:17:25.263709 2025] [mpm_event:notice] [pid 1:tid 1] AH00489: Apache/2.4.63 (Unix) OpenSSL/3.0.15 configured -- resuming normal operations
[Thu May 15 08:17:25.264033 2025] [unixd:alert] [pid 8:tid 8] AH02155: getpwuid: couldn't determine user name from uid 4294967295, you probably need to modify the User directive
[Thu May 15 08:17:25.264282 2025] [core:notice] [pid 1:tid 1] AH00094: Command line: 'httpd -D FOREGROUND'
[Thu May 15 08:17:25.264327 2025] [unixd:alert] [pid 9:tid 9] AH02155: getpwuid: couldn't determine user name from uid 4294967295, you probably need to modify the User directive
[Thu May 15 08:19:05.414873 2025] [mpm_event:notice] [pid 1:tid 1] AH00492: caught SIGWINCH, shutting down gracefully
[Thu May 15 08:19:24.809043 2025] [ssl:warn] [pid 1:tid 1] AH01906: localhost:443:0 server certificate is a CA certificate (BasicConstraints: CA == TRUE !?)
[Thu May 15 08:19:24.822701 2025] [ssl:warn] [pid 1:tid 1] AH01906: localhost:443:0 server certificate is a CA certificate (BasicConstraints: CA == TRUE !?)
[Thu May 15 08:19:24.863964 2025] [ssl:warn] [pid 1:tid 1] AH01873: Init: Session Cache is not configured [hint: SSLSessionCache]
[Thu May 15 08:19:24.867977 2025] [ssl:warn] [pid 1:tid 1] AH01906: localhost:443:0 server certificate is a CA certificate (BasicConstraints: CA == TRUE !?)
[Thu May 15 08:19:24.907099 2025] [ssl:warn] [pid 1:tid 1] AH01906: localhost:443:0 server certificate is a CA certificate (BasicConstraints: CA == TRUE !?)
[Thu May 15 08:19:24.934226 2025] [mpm_event:notice] [pid 1:tid 1] AH00489: Apache/2.4.63 (Unix) OpenSSL/3.0.15 configured -- resuming normal operations
[Thu May 15 08:19:24.934746 2025] [core:notice] [pid 1:tid 1] AH00094: Command line: 'httpd -D FOREGROUND'
[Thu May 15 08:19:24.934848 2025] [unixd:alert] [pid 8:tid 8] AH02155: getpwuid: couldn't determine user name from uid 4294967295, you probably need to modify the User directive
[Thu May 15 08:19:24.934843 2025] [unixd:alert] [pid 7:tid 7] AH02155: getpwuid: couldn't determine user name from uid 4294967295, you probably need to modify the User directive
[Thu May 15 08:25:30.875314 2025] [mpm_event:notice] [pid 1:tid 1] AH00492: caught SIGWINCH, shutting down gracefully
[Thu May 15 08:26:31.085769 2025] [ssl:warn] [pid 1:tid 1] AH01906: localhost:443:0 server certificate is a CA certificate (BasicConstraints: CA == TRUE !?)
[Thu May 15 08:26:31.109819 2025] [ssl:warn] [pid 1:tid 1] AH01906: localhost:443:0 server certificate is a CA certificate (BasicConstraints: CA == TRUE !?)
[Thu May 15 08:26:31.243072 2025] [ssl:warn] [pid 1:tid 1] AH01873: Init: Session Cache is not configured [hint: SSLSessionCache]
[Thu May 15 08:26:31.249097 2025] [ssl:warn] [pid 1:tid 1] AH01906: localhost:443:0 server certificate is a CA certificate (BasicConstraints: CA == TRUE !?)
[Thu May 15 08:26:31.332795 2025] [ssl:warn] [pid 1:tid 1] AH01906: localhost:443:0 server certificate is a CA certificate (BasicConstraints: CA == TRUE !?)
[Thu May 15 08:26:31.366348 2025] [mpm_event:notice] [pid 1:tid 1] AH00489: Apache/2.4.63 (Unix) OpenSSL/3.0.15 configured -- resuming normal operations
[Thu May 15 08:26:31.374843 2025] [core:notice] [pid 1:tid 1] AH00094: Command line: 'httpd -D FOREGROUND'
[Thu May 15 08:26:31.370797 2025] [unixd:alert] [pid 9:tid 9] AH02155: getpwuid: couldn't determine user name from uid 4294967295, you probably need to modify the User directive
[Thu May 15 08:26:31.375941 2025] [unixd:alert] [pid 8:tid 8] AH02155: getpwuid: couldn't determine user name from uid 4294967295, you probably need to modify the User directive
[Thu May 15 08:27:05.400730 2025] [mpm_event:notice] [pid 1:tid 1] AH00492: caught SIGWINCH, shutting down gracefully
[Thu May 15 12:02:10.517138 2025] [ssl:warn] [pid 1:tid 1] AH01906: localhost:443:0 server certificate is a CA certificate (BasicConstraints: CA == TRUE !?)
[Thu May 15 12:02:10.535600 2025] [ssl:warn] [pid 1:tid 1] AH01906: localhost:443:0 server certificate is a CA certificate (BasicConstraints: CA == TRUE !?)
[Thu May 15 12:02:10.572430 2025] [ssl:warn] [pid 1:tid 1] AH01873: Init: Session Cache is not configured [hint: SSLSessionCache]
[Thu May 15 12:02:10.576331 2025] [ssl:warn] [pid 1:tid 1] AH01906: localhost:443:0 server certificate is a CA certificate (BasicConstraints: CA == TRUE !?)
[Thu May 15 12:02:10.596751 2025] [ssl:warn] [pid 1:tid 1] AH01906: localhost:443:0 server certificate is a CA certificate (BasicConstraints: CA == TRUE !?)
[Thu May 15 12:02:10.618827 2025] [mpm_event:notice] [pid 1:tid 1] AH00489: Apache/2.4.63 (Unix) OpenSSL/3.0.15 configured -- resuming normal operations
[Thu May 15 12:02:10.619350 2025] [core:notice] [pid 1:tid 1] AH00094: Command line: 'httpd -D FOREGROUND'
[Thu May 15 12:02:10.621189 2025] [unixd:alert] [pid 8:tid 8] AH02155: getpwuid: couldn't determine user name from uid 4294967295, you probably need to modify the User directive
[Thu May 15 12:02:10.621208 2025] [unixd:alert] [pid 9:tid 9] AH02155: getpwuid: couldn't determine user name from uid 4294967295, you probably need to modify the User directive
[Thu May 15 12:05:34.205601 2025] [mpm_event:notice] [pid 1:tid 1] AH00492: caught SIGWINCH, shutting down gracefully
[Thu May 15 12:07:15.562240 2025] [ssl:warn] [pid 1:tid 1] AH01906: localhost:443:0 server certificate is a CA certificate (BasicConstraints: CA == TRUE !?)
[Thu May 15 12:07:15.576113 2025] [ssl:warn] [pid 1:tid 1] AH01906: localhost:443:0 server certificate is a CA certificate (BasicConstraints: CA == TRUE !?)
[Thu May 15 12:07:15.617461 2025] [ssl:warn] [pid 1:tid 1] AH01873: Init: Session Cache is not configured [hint: SSLSessionCache]
[Thu May 15 12:07:15.632128 2025] [ssl:warn] [pid 1:tid 1] AH01906: localhost:443:0 server certificate is a CA certificate (BasicConstraints: CA == TRUE !?)
[Thu May 15 12:07:15.652394 2025] [ssl:warn] [pid 1:tid 1] AH01906: localhost:443:0 server certificate is a CA certificate (BasicConstraints: CA == TRUE !?)
[Thu May 15 12:07:15.687026 2025] [mpm_event:notice] [pid 1:tid 1] AH00489: Apache/2.4.63 (Unix) OpenSSL/3.0.15 configured -- resuming normal operations
[Thu May 15 12:07:15.687500 2025] [core:notice] [pid 1:tid 1] AH00094: Command line: 'httpd -D FOREGROUND'
[Thu May 15 12:07:15.688391 2025] [unixd:alert] [pid 9:tid 9] AH02155: getpwuid: couldn't determine user name from uid 4294967295, you probably need to modify the User directive
[Thu May 15 12:07:15.692809 2025] [unixd:alert] [pid 8:tid 8] AH02155: getpwuid: couldn't determine user name from uid 4294967295, you probably need to modify the User directive
[Thu May 15 12:08:56.045525 2025] [mpm_event:notice] [pid 1:tid 1] AH00492: caught SIGWINCH, shutting down gracefully
[Thu May 15 12:09:41.412697 2025] [ssl:warn] [pid 1:tid 1] AH01906: localhost:443:0 server certificate is a CA certificate (BasicConstraints: CA == TRUE !?)
[Thu May 15 12:09:41.426916 2025] [ssl:warn] [pid 1:tid 1] AH01906: localhost:443:0 server certificate is a CA certificate (BasicConstraints: CA == TRUE !?)
[Thu May 15 12:09:41.460084 2025] [ssl:warn] [pid 1:tid 1] AH01873: Init: Session Cache is not configured [hint: SSLSessionCache]
[Thu May 15 12:09:41.463902 2025] [ssl:warn] [pid 1:tid 1] AH01906: localhost:443:0 server certificate is a CA certificate (BasicConstraints: CA == TRUE !?)
[Thu May 15 12:09:41.477507 2025] [ssl:warn] [pid 1:tid 1] AH01906: localhost:443:0 server certificate is a CA certificate (BasicConstraints: CA == TRUE !?)
[Thu May 15 12:09:41.501137 2025] [unixd:alert] [pid 8:tid 8] AH02155: getpwuid: couldn't determine user name from uid 4294967295, you probably need to modify the User directive
[Thu May 15 12:09:41.501584 2025] [mpm_event:notice] [pid 1:tid 1] AH00489: Apache/2.4.63 (Unix) OpenSSL/3.0.15 configured -- resuming normal operations
[Thu May 15 12:09:41.502044 2025] [core:notice] [pid 1:tid 1] AH00094: Command line: 'httpd -D FOREGROUND'
[Thu May 15 12:09:41.502992 2025] [unixd:alert] [pid 9:tid 9] AH02155: getpwuid: couldn't determine user name from uid 4294967295, you probably need to modify the User directive
[Thu May 15 12:14:26.113603 2025] [mpm_event:notice] [pid 1:tid 1] AH00492: caught SIGWINCH, shutting down gracefully
[Thu May 15 12:14:45.726727 2025] [ssl:warn] [pid 1:tid 1] AH01906: localhost:443:0 server certificate is a CA certificate (BasicConstraints: CA == TRUE !?)
[Thu May 15 12:14:45.744886 2025] [ssl:warn] [pid 1:tid 1] AH01906: localhost:443:0 server certificate is a CA certificate (BasicConstraints: CA == TRUE !?)
[Thu May 15 12:14:45.807014 2025] [ssl:warn] [pid 1:tid 1] AH01873: Init: Session Cache is not configured [hint: SSLSessionCache]
[Thu May 15 12:14:45.810731 2025] [ssl:warn] [pid 1:tid 1] AH01906: localhost:443:0 server certificate is a CA certificate (BasicConstraints: CA == TRUE !?)
[Thu May 15 12:14:45.828817 2025] [ssl:warn] [pid 1:tid 1] AH01906: localhost:443:0 server certificate is a CA certificate (BasicConstraints: CA == TRUE !?)
[Thu May 15 12:14:45.854090 2025] [mpm_event:notice] [pid 1:tid 1] AH00489: Apache/2.4.63 (Unix) OpenSSL/3.0.15 configured -- resuming normal operations
[Thu May 15 12:14:45.854260 2025] [unixd:alert] [pid 8:tid 8] AH02155: getpwuid: couldn't determine user name from uid 4294967295, you probably need to modify the User directive
[Thu May 15 12:14:45.854557 2025] [unixd:alert] [pid 9:tid 9] AH02155: getpwuid: couldn't determine user name from uid 4294967295, you probably need to modify the User directive
[Thu May 15 12:14:45.854744 2025] [core:notice] [pid 1:tid 1] AH00094: Command line: 'httpd -D FOREGROUND'
[Thu May 15 12:22:04.912921 2025] [mpm_event:notice] [pid 1:tid 1] AH00492: caught SIGWINCH, shutting down gracefully
[Thu May 15 12:23:40.516595 2025] [ssl:warn] [pid 1:tid 1] AH01906: localhost:443:0 server certificate is a CA certificate (BasicConstraints: CA == TRUE !?)
[Thu May 15 12:23:40.545776 2025] [ssl:warn] [pid 1:tid 1] AH01906: localhost:443:0 server certificate is a CA certificate (BasicConstraints: CA == TRUE !?)
[Thu May 15 12:23:40.629879 2025] [ssl:warn] [pid 1:tid 1] AH01873: Init: Session Cache is not configured [hint: SSLSessionCache]
[Thu May 15 12:23:40.637370 2025] [ssl:warn] [pid 1:tid 1] AH01906: localhost:443:0 server certificate is a CA certificate (BasicConstraints: CA == TRUE !?)
[Thu May 15 12:23:40.668815 2025] [ssl:warn] [pid 1:tid 1] AH01906: localhost:443:0 server certificate is a CA certificate (BasicConstraints: CA == TRUE !?)
[Thu May 15 12:23:40.707414 2025] [mpm_event:notice] [pid 1:tid 1] AH00489: Apache/2.4.63 (Unix) OpenSSL/3.0.15 configured -- resuming normal operations
[Thu May 15 12:23:40.707598 2025] [unixd:alert] [pid 8:tid 8] AH02155: getpwuid: couldn't determine user name from uid 4294967295, you probably need to modify the User directive
[Thu May 15 12:23:40.710571 2025] [core:notice] [pid 1:tid 1] AH00094: Command line: 'httpd -D FOREGROUND'
[Thu May 15 12:23:40.710708 2025] [unixd:alert] [pid 9:tid 9] AH02155: getpwuid: couldn't determine user name from uid 4294967295, you probably need to modify the User directive
[Thu May 15 12:24:47.886835 2025] [mpm_event:notice] [pid 1:tid 1] AH00492: caught SIGWINCH, shutting down gracefully
[Thu May 15 12:26:38.640616 2025] [ssl:warn] [pid 1:tid 1] AH01906: localhost:443:0 server certificate is a CA certificate (BasicConstraints: CA == TRUE !?)
[Thu May 15 12:26:38.651415 2025] [ssl:warn] [pid 1:tid 1] AH01906: localhost:443:0 server certificate is a CA certificate (BasicConstraints: CA == TRUE !?)
[Thu May 15 12:26:38.683510 2025] [ssl:warn] [pid 1:tid 1] AH01873: Init: Session Cache is not configured [hint: SSLSessionCache]
[Thu May 15 12:26:38.687418 2025] [ssl:warn] [pid 1:tid 1] AH01906: localhost:443:0 server certificate is a CA certificate (BasicConstraints: CA == TRUE !?)
[Thu May 15 12:26:38.701091 2025] [ssl:warn] [pid 1:tid 1] AH01906: localhost:443:0 server certificate is a CA certificate (BasicConstraints: CA == TRUE !?)
[Thu May 15 12:26:38.725121 2025] [mpm_event:notice] [pid 1:tid 1] AH00489: Apache/2.4.63 (Unix) OpenSSL/3.0.15 configured -- resuming normal operations
[Thu May 15 12:26:38.725438 2025] [unixd:alert] [pid 8:tid 8] AH02155: getpwuid: couldn't determine user name from uid 4294967295, you probably need to modify the User directive
[Thu May 15 12:26:38.725587 2025] [unixd:alert] [pid 9:tid 9] AH02155: getpwuid: couldn't determine user name from uid 4294967295, you probably need to modify the User directive
[Thu May 15 12:26:38.726847 2025] [core:notice] [pid 1:tid 1] AH00094: Command line: 'httpd -D FOREGROUND'
[Thu May 15 12:32:53.899740 2025] [mpm_event:notice] [pid 1:tid 1] AH00492: caught SIGWINCH, shutting down gracefully
[Thu May 15 12:38:45.319154 2025] [ssl:warn] [pid 1:tid 1] AH01906: localhost:443:0 server certificate is a CA certificate (BasicConstraints: CA == TRUE !?)
[Thu May 15 12:38:45.331991 2025] [ssl:warn] [pid 1:tid 1] AH01906: localhost:443:0 server certificate is a CA certificate (BasicConstraints: CA == TRUE !?)
[Thu May 15 12:38:45.367684 2025] [ssl:warn] [pid 1:tid 1] AH01873: Init: Session Cache is not configured [hint: SSLSessionCache]
[Thu May 15 12:38:45.371430 2025] [ssl:warn] [pid 1:tid 1] AH01906: localhost:443:0 server certificate is a CA certificate (BasicConstraints: CA == TRUE !?)
[Thu May 15 12:38:45.402448 2025] [ssl:warn] [pid 1:tid 1] AH01906: localhost:443:0 server certificate is a CA certificate (BasicConstraints: CA == TRUE !?)
[Thu May 15 12:38:45.426317 2025] [mpm_event:notice] [pid 1:tid 1] AH00489: Apache/2.4.63 (Unix) OpenSSL/3.0.15 configured -- resuming normal operations
[Thu May 15 12:38:45.426579 2025] [unixd:alert] [pid 8:tid 8] AH02155: getpwuid: couldn't determine user name from uid 4294967295, you probably need to modify the User directive
[Thu May 15 12:38:45.426815 2025] [unixd:alert] [pid 9:tid 9] AH02155: getpwuid: couldn't determine user name from uid 4294967295, you probably need to modify the User directive
[Thu May 15 12:38:45.427001 2025] [core:notice] [pid 1:tid 1] AH00094: Command line: 'httpd -D FOREGROUND'
[Thu May 15 12:41:04.962949 2025] [mpm_event:notice] [pid 1:tid 1] AH00492: caught SIGWINCH, shutting down gracefully
[Thu May 15 12:41:24.344048 2025] [ssl:warn] [pid 1:tid 1] AH01906: localhost:443:0 server certificate is a CA certificate (BasicConstraints: CA == TRUE !?)
[Thu May 15 12:41:24.374569 2025] [ssl:warn] [pid 1:tid 1] AH01906: localhost:443:0 server certificate is a CA certificate (BasicConstraints: CA == TRUE !?)
[Thu May 15 12:41:24.412305 2025] [ssl:warn] [pid 1:tid 1] AH01873: Init: Session Cache is not configured [hint: SSLSessionCache]
[Thu May 15 12:41:24.416829 2025] [ssl:warn] [pid 1:tid 1] AH01906: localhost:443:0 server certificate is a CA certificate (BasicConstraints: CA == TRUE !?)
[Thu May 15 12:41:24.433278 2025] [ssl:warn] [pid 1:tid 1] AH01906: localhost:443:0 server certificate is a CA certificate (BasicConstraints: CA == TRUE !?)
[Thu May 15 12:41:24.464263 2025] [mpm_event:notice] [pid 1:tid 1] AH00489: Apache/2.4.63 (Unix) OpenSSL/3.0.15 configured -- resuming normal operations
[Thu May 15 12:41:24.464477 2025] [unixd:alert] [pid 8:tid 8] AH02155: getpwuid: couldn't determine user name from uid 4294967295, you probably need to modify the User directive
[Thu May 15 12:41:24.465149 2025] [unixd:alert] [pid 9:tid 9] AH02155: getpwuid: couldn't determine user name from uid 4294967295, you probably need to modify the User directive
[Thu May 15 12:41:24.464816 2025] [core:notice] [pid 1:tid 1] AH00094: Command line: 'httpd -D FOREGROUND'
[Thu May 15 12:42:34.856228 2025] [mpm_event:notice] [pid 1:tid 1] AH00492: caught SIGWINCH, shutting down gracefully
[Thu May 15 12:47:44.281648 2025] [ssl:warn] [pid 1:tid 1] AH01906: localhost:443:0 server certificate is a CA certificate (BasicConstraints: CA == TRUE !?)
[Thu May 15 12:47:44.295402 2025] [ssl:warn] [pid 1:tid 1] AH01906: localhost:443:0 server certificate is a CA certificate (BasicConstraints: CA == TRUE !?)
[Thu May 15 12:47:44.323659 2025] [ssl:warn] [pid 1:tid 1] AH01873: Init: Session Cache is not configured [hint: SSLSessionCache]
[Thu May 15 12:47:44.327412 2025] [ssl:warn] [pid 1:tid 1] AH01906: localhost:443:0 server certificate is a CA certificate (BasicConstraints: CA == TRUE !?)
[Thu May 15 12:47:44.339590 2025] [ssl:warn] [pid 1:tid 1] AH01906: localhost:443:0 server certificate is a CA certificate (BasicConstraints: CA == TRUE !?)
[Thu May 15 12:47:44.361438 2025] [mpm_event:notice] [pid 1:tid 1] AH00489: Apache/2.4.63 (Unix) OpenSSL/3.0.15 configured -- resuming normal operations
[Thu May 15 12:47:44.361858 2025] [core:notice] [pid 1:tid 1] AH00094: Command line: 'httpd -D FOREGROUND'
[Thu May 15 12:47:44.361855 2025] [unixd:alert] [pid 8:tid 8] AH02155: getpwuid: couldn't determine user name from uid 4294967295, you probably need to modify the User directive
[Thu May 15 12:47:44.362003 2025] [unixd:alert] [pid 9:tid 9] AH02155: getpwuid: couldn't determine user name from uid 4294967295, you probably need to modify the User directive
[Thu May 15 13:01:34.347774 2025] [mpm_event:notice] [pid 1:tid 1] AH00492: caught SIGWINCH, shutting down gracefully
[Thu May 15 13:07:12.797923 2025] [ssl:warn] [pid 1:tid 1] AH01906: localhost:443:0 server certificate is a CA certificate (BasicConstraints: CA == TRUE !?)
[Thu May 15 13:07:12.811662 2025] [ssl:warn] [pid 1:tid 1] AH01906: localhost:443:0 server certificate is a CA certificate (BasicConstraints: CA == TRUE !?)
[Thu May 15 13:07:12.848512 2025] [ssl:warn] [pid 1:tid 1] AH01873: Init: Session Cache is not configured [hint: SSLSessionCache]
[Thu May 15 13:07:12.851946 2025] [ssl:warn] [pid 1:tid 1] AH01906: localhost:443:0 server certificate is a CA certificate (BasicConstraints: CA == TRUE !?)
[Thu May 15 13:07:12.866581 2025] [ssl:warn] [pid 1:tid 1] AH01906: localhost:443:0 server certificate is a CA certificate (BasicConstraints: CA == TRUE !?)
[Thu May 15 13:07:12.891503 2025] [mpm_event:notice] [pid 1:tid 1] AH00489: Apache/2.4.63 (Unix) OpenSSL/3.0.15 configured -- resuming normal operations
[Thu May 15 13:07:12.891828 2025] [unixd:alert] [pid 8:tid 8] AH02155: getpwuid: couldn't determine user name from uid 4294967295, you probably need to modify the User directive
[Thu May 15 13:07:12.892056 2025] [unixd:alert] [pid 9:tid 9] AH02155: getpwuid: couldn't determine user name from uid 4294967295, you probably need to modify the User directive
[Thu May 15 13:07:12.892299 2025] [core:notice] [pid 1:tid 1] AH00094: Command line: 'httpd -D FOREGROUND'
[Thu May 15 13:08:53.911526 2025] [mpm_event:notice] [pid 1:tid 1] AH00492: caught SIGWINCH, shutting down gracefully
[Thu May 15 13:10:13.373944 2025] [ssl:warn] [pid 1:tid 1] AH01906: localhost:443:0 server certificate is a CA certificate (BasicConstraints: CA == TRUE !?)
[Thu May 15 13:10:13.386791 2025] [ssl:warn] [pid 1:tid 1] AH01906: localhost:443:0 server certificate is a CA certificate (BasicConstraints: CA == TRUE !?)
[Thu May 15 13:10:13.418878 2025] [ssl:warn] [pid 1:tid 1] AH01873: Init: Session Cache is not configured [hint: SSLSessionCache]
[Thu May 15 13:10:13.422318 2025] [ssl:warn] [pid 1:tid 1] AH01906: localhost:443:0 server certificate is a CA certificate (BasicConstraints: CA == TRUE !?)
[Thu May 15 13:10:13.436611 2025] [ssl:warn] [pid 1:tid 1] AH01906: localhost:443:0 server certificate is a CA certificate (BasicConstraints: CA == TRUE !?)
[Thu May 15 13:10:13.464672 2025] [mpm_event:notice] [pid 1:tid 1] AH00489: Apache/2.4.63 (Unix) OpenSSL/3.0.15 configured -- resuming normal operations
[Thu May 15 13:10:13.464929 2025] [unixd:alert] [pid 8:tid 8] AH02155: getpwuid: couldn't determine user name from uid 4294967295, you probably need to modify the User directive
[Thu May 15 13:10:13.465319 2025] [core:notice] [pid 1:tid 1] AH00094: Command line: 'httpd -D FOREGROUND'
[Thu May 15 13:10:13.468525 2025] [unixd:alert] [pid 9:tid 9] AH02155: getpwuid: couldn't determine user name from uid 4294967295, you probably need to modify the User directive
[Thu May 15 13:12:36.190232 2025] [mpm_event:notice] [pid 1:tid 1] AH00492: caught SIGWINCH, shutting down gracefully
[Thu May 15 13:13:23.651985 2025] [ssl:warn] [pid 1:tid 1] AH01906: localhost:443:0 server certificate is a CA certificate (BasicConstraints: CA == TRUE !?)
[Thu May 15 13:13:23.666941 2025] [ssl:warn] [pid 1:tid 1] AH01906: localhost:443:0 server certificate is a CA certificate (BasicConstraints: CA == TRUE !?)
[Thu May 15 13:13:23.702295 2025] [ssl:warn] [pid 1:tid 1] AH01873: Init: Session Cache is not configured [hint: SSLSessionCache]
[Thu May 15 13:13:23.707160 2025] [ssl:warn] [pid 1:tid 1] AH01906: localhost:443:0 server certificate is a CA certificate (BasicConstraints: CA == TRUE !?)
[Thu May 15 13:13:23.723300 2025] [ssl:warn] [pid 1:tid 1] AH01906: localhost:443:0 server certificate is a CA certificate (BasicConstraints: CA == TRUE !?)
[Thu May 15 13:13:23.744749 2025] [mpm_event:notice] [pid 1:tid 1] AH00489: Apache/2.4.63 (Unix) OpenSSL/3.0.15 configured -- resuming normal operations
[Thu May 15 13:13:23.745055 2025] [unixd:alert] [pid 9:tid 9] AH02155: getpwuid: couldn't determine user name from uid 4294967295, you probably need to modify the User directive
[Thu May 15 13:13:23.745351 2025] [core:notice] [pid 1:tid 1] AH00094: Command line: 'httpd -D FOREGROUND'
[Thu May 15 13:13:23.745345 2025] [unixd:alert] [pid 10:tid 10] AH02155: getpwuid: couldn't determine user name from uid 4294967295, you probably need to modify the User directive
[Thu May 15 13:25:20.987185 2025] [mpm_event:notice] [pid 1:tid 1] AH00492: caught SIGWINCH, shutting down gracefully
[Thu May 15 13:27:36.027646 2025] [ssl:warn] [pid 1:tid 1] AH01906: localhost:443:0 server certificate is a CA certificate (BasicConstraints: CA == TRUE !?)
[Thu May 15 13:27:36.073079 2025] [ssl:warn] [pid 1:tid 1] AH01906: localhost:443:0 server certificate is a CA certificate (BasicConstraints: CA == TRUE !?)
[Thu May 15 13:27:36.228682 2025] [ssl:warn] [pid 1:tid 1] AH01873: Init: Session Cache is not configured [hint: SSLSessionCache]
[Thu May 15 13:27:36.233381 2025] [ssl:warn] [pid 1:tid 1] AH01906: localhost:443:0 server certificate is a CA certificate (BasicConstraints: CA == TRUE !?)
[Thu May 15 13:27:36.248310 2025] [ssl:warn] [pid 1:tid 1] AH01906: localhost:443:0 server certificate is a CA certificate (BasicConstraints: CA == TRUE !?)
[Thu May 15 13:27:36.271749 2025] [mpm_event:notice] [pid 1:tid 1] AH00489: Apache/2.4.63 (Unix) OpenSSL/3.0.15 configured -- resuming normal operations
[Thu May 15 13:27:36.272061 2025] [unixd:alert] [pid 8:tid 8] AH02155: getpwuid: couldn't determine user name from uid 4294967295, you probably need to modify the User directive
[Thu May 15 13:27:36.272460 2025] [unixd:alert] [pid 9:tid 9] AH02155: getpwuid: couldn't determine user name from uid 4294967295, you probably need to modify the User directive
[Thu May 15 13:27:36.272680 2025] [core:notice] [pid 1:tid 1] AH00094: Command line: 'httpd -D FOREGROUND'
[Thu May 15 13:45:13.365781 2025] [mpm_event:notice] [pid 1:tid 1] AH00492: caught SIGWINCH, shutting down gracefully
[Thu May 15 13:48:33.958062 2025] [ssl:warn] [pid 1:tid 1] AH01906: localhost:443:0 server certificate is a CA certificate (BasicConstraints: CA == TRUE !?)
[Thu May 15 13:48:33.969099 2025] [ssl:warn] [pid 1:tid 1] AH01906: localhost:443:0 server certificate is a CA certificate (BasicConstraints: CA == TRUE !?)
[Thu May 15 13:48:34.003320 2025] [ssl:warn] [pid 1:tid 1] AH01873: Init: Session Cache is not configured [hint: SSLSessionCache]
[Thu May 15 13:48:34.006915 2025] [ssl:warn] [pid 1:tid 1] AH01906: localhost:443:0 server certificate is a CA certificate (BasicConstraints: CA == TRUE !?)
[Thu May 15 13:48:34.026560 2025] [ssl:warn] [pid 1:tid 1] AH01906: localhost:443:0 server certificate is a CA certificate (BasicConstraints: CA == TRUE !?)
[Thu May 15 13:48:34.047478 2025] [mpm_event:notice] [pid 1:tid 1] AH00489: Apache/2.4.63 (Unix) OpenSSL/3.0.15 configured -- resuming normal operations
[Thu May 15 13:48:34.047706 2025] [unixd:alert] [pid 7:tid 7] AH02155: getpwuid: couldn't determine user name from uid 4294967295, you probably need to modify the User directive
[Thu May 15 13:48:34.047938 2025] [core:notice] [pid 1:tid 1] AH00094: Command line: 'httpd -D FOREGROUND'
[Thu May 15 13:48:34.048139 2025] [unixd:alert] [pid 8:tid 8] AH02155: getpwuid: couldn't determine user name from uid 4294967295, you probably need to modify the User directive
[Thu May 15 14:19:32.012250 2025] [mpm_event:notice] [pid 1:tid 1] AH00492: caught SIGWINCH, shutting down gracefully
[Thu May 15 14:42:30.626725 2025] [ssl:warn] [pid 1:tid 1] AH01906: localhost:443:0 server certificate is a CA certificate (BasicConstraints: CA == TRUE !?)
[Thu May 15 14:42:30.636588 2025] [ssl:warn] [pid 1:tid 1] AH01906: localhost:443:0 server certificate is a CA certificate (BasicConstraints: CA == TRUE !?)
[Thu May 15 14:42:30.674910 2025] [ssl:warn] [pid 1:tid 1] AH01873: Init: Session Cache is not configured [hint: SSLSessionCache]
[Thu May 15 14:42:30.678521 2025] [ssl:warn] [pid 1:tid 1] AH01906: localhost:443:0 server certificate is a CA certificate (BasicConstraints: CA == TRUE !?)
[Thu May 15 14:42:30.682665 2025] [ssl:warn] [pid 1:tid 1] AH01906: localhost:443:0 server certificate is a CA certificate (BasicConstraints: CA == TRUE !?)
[Thu May 15 14:42:30.720811 2025] [mpm_event:notice] [pid 1:tid 1] AH00489: Apache/2.4.63 (Unix) OpenSSL/3.0.15 configured -- resuming normal operations
[Thu May 15 14:42:30.721233 2025] [core:notice] [pid 1:tid 1] AH00094: Command line: 'httpd -D FOREGROUND'
[Thu May 15 14:42:30.723004 2025] [unixd:alert] [pid 8:tid 8] AH02155: getpwuid: couldn't determine user name from uid 4294967295, you probably need to modify the User directive
[Thu May 15 14:42:30.753427 2025] [unixd:alert] [pid 9:tid 9] AH02155: getpwuid: couldn't determine user name from uid 4294967295, you probably need to modify the User directive
[Thu May 15 14:58:03.700209 2025] [mpm_event:notice] [pid 1:tid 1] AH00492: caught SIGWINCH, shutting down gracefully
[Thu May 15 15:00:04.921618 2025] [ssl:warn] [pid 1:tid 1] AH01906: localhost:443:0 server certificate is a CA certificate (BasicConstraints: CA == TRUE !?)
[Thu May 15 15:00:04.961633 2025] [ssl:warn] [pid 1:tid 1] AH01873: Init: Session Cache is not configured [hint: SSLSessionCache]
[Thu May 15 15:00:04.965149 2025] [ssl:warn] [pid 1:tid 1] AH01906: localhost:443:0 server certificate is a CA certificate (BasicConstraints: CA == TRUE !?)
[Thu May 15 15:00:04.989834 2025] [mpm_event:notice] [pid 1:tid 1] AH00489: Apache/2.4.63 (Unix) OpenSSL/3.0.15 configured -- resuming normal operations
[Thu May 15 15:00:04.990312 2025] [core:notice] [pid 1:tid 1] AH00094: Command line: 'httpd -D FOREGROUND'
[Thu May 15 15:00:04.990590 2025] [unixd:alert] [pid 8:tid 8] AH02155: getpwuid: couldn't determine user name from uid 4294967295, you probably need to modify the User directive
[Thu May 15 15:00:04.991560 2025] [unixd:alert] [pid 9:tid 9] AH02155: getpwuid: couldn't determine user name from uid 4294967295, you probably need to modify the User directive
[Thu May 15 15:09:49.172979 2025] [mpm_event:notice] [pid 1:tid 1] AH00492: caught SIGWINCH, shutting down gracefully
[Thu May 15 15:11:07.642263 2025] [ssl:warn] [pid 1:tid 1] AH01906: localhost:443:0 server certificate is a CA certificate (BasicConstraints: CA == TRUE !?)
[Thu May 15 15:11:07.698513 2025] [ssl:warn] [pid 1:tid 1] AH01873: Init: Session Cache is not configured [hint: SSLSessionCache]
[Thu May 15 15:11:07.704158 2025] [ssl:warn] [pid 1:tid 1] AH01906: localhost:443:0 server certificate is a CA certificate (BasicConstraints: CA == TRUE !?)
[Thu May 15 15:11:07.745524 2025] [mpm_event:notice] [pid 1:tid 1] AH00489: Apache/2.4.63 (Unix) OpenSSL/3.0.15 configured -- resuming normal operations
[Thu May 15 15:11:07.745999 2025] [core:notice] [pid 1:tid 1] AH00094: Command line: 'httpd -D FOREGROUND'
[Thu May 15 15:11:07.747310 2025] [unixd:alert] [pid 10:tid 10] AH02155: getpwuid: couldn't determine user name from uid 4294967295, you probably need to modify the User directive
[Thu May 15 15:11:07.746600 2025] [unixd:alert] [pid 9:tid 9] AH02155: getpwuid: couldn't determine user name from uid 4294967295, you probably need to modify the User directive
[Thu May 15 15:21:27.415910 2025] [mpm_event:notice] [pid 1:tid 1] AH00492: caught SIGWINCH, shutting down gracefully
[Thu May 15 15:22:31.213513 2025] [ssl:warn] [pid 1:tid 1] AH01906: localhost:443:0 server certificate is a CA certificate (BasicConstraints: CA == TRUE !?)
[Thu May 15 15:22:31.236791 2025] [ssl:warn] [pid 1:tid 1] AH01873: Init: Session Cache is not configured [hint: SSLSessionCache]
[Thu May 15 15:22:31.240517 2025] [ssl:warn] [pid 1:tid 1] AH01906: localhost:443:0 server certificate is a CA certificate (BasicConstraints: CA == TRUE !?)
[Thu May 15 15:22:31.268750 2025] [mpm_event:notice] [pid 1:tid 1] AH00489: Apache/2.4.63 (Unix) OpenSSL/3.0.15 configured -- resuming normal operations
[Thu May 15 15:22:31.269211 2025] [core:notice] [pid 1:tid 1] AH00094: Command line: 'httpd -D FOREGROUND'
[Thu May 15 15:22:31.269718 2025] [unixd:alert] [pid 7:tid 7] AH02155: getpwuid: couldn't determine user name from uid 4294967295, you probably need to modify the User directive
[Thu May 15 15:22:31.270450 2025] [unixd:alert] [pid 8:tid 8] AH02155: getpwuid: couldn't determine user name from uid 4294967295, you probably need to modify the User directive
[Thu May 15 15:26:56.732370 2025] [mpm_event:notice] [pid 1:tid 1] AH00492: caught SIGWINCH, shutting down gracefully
[Thu May 15 15:27:52.468241 2025] [ssl:warn] [pid 1:tid 1] AH01906: localhost:443:0 server certificate is a CA certificate (BasicConstraints: CA == TRUE !?)
[Thu May 15 15:27:52.535393 2025] [ssl:warn] [pid 1:tid 1] AH01873: Init: Session Cache is not configured [hint: SSLSessionCache]
[Thu May 15 15:27:52.543046 2025] [ssl:warn] [pid 1:tid 1] AH01906: localhost:443:0 server certificate is a CA certificate (BasicConstraints: CA == TRUE !?)
[Thu May 15 15:27:52.564127 2025] [mpm_event:notice] [pid 1:tid 1] AH00489: Apache/2.4.63 (Unix) OpenSSL/3.0.15 configured -- resuming normal operations
[Thu May 15 15:27:52.564388 2025] [unixd:alert] [pid 9:tid 9] AH02155: getpwuid: couldn't determine user name from uid 4294967295, you probably need to modify the User directive
[Thu May 15 15:27:52.564773 2025] [unixd:alert] [pid 10:tid 10] AH02155: getpwuid: couldn't determine user name from uid 4294967295, you probably need to modify the User directive
[Thu May 15 15:27:52.566444 2025] [core:notice] [pid 1:tid 1] AH00094: Command line: 'httpd -D FOREGROUND'
[Thu May 15 15:31:29.728137 2025] [mpm_event:notice] [pid 1:tid 1] AH00492: caught SIGWINCH, shutting down gracefully
[Thu May 15 15:31:31.933471 2025] [ssl:warn] [pid 1:tid 1] AH01906: localhost:443:0 server certificate is a CA certificate (BasicConstraints: CA == TRUE !?)
[Thu May 15 15:31:31.982902 2025] [ssl:warn] [pid 1:tid 1] AH01873: Init: Session Cache is not configured [hint: SSLSessionCache]
[Thu May 15 15:31:31.987919 2025] [ssl:warn] [pid 1:tid 1] AH01906: localhost:443:0 server certificate is a CA certificate (BasicConstraints: CA == TRUE !?)
[Thu May 15 15:31:32.019033 2025] [mpm_event:notice] [pid 1:tid 1] AH00489: Apache/2.4.63 (Unix) OpenSSL/3.0.15 configured -- resuming normal operations
[Thu May 15 15:31:32.019286 2025] [unixd:alert] [pid 8:tid 8] AH02155: getpwuid: couldn't determine user name from uid 4294967295, you probably need to modify the User directive
[Thu May 15 15:31:32.019567 2025] [unixd:alert] [pid 9:tid 9] AH02155: getpwuid: couldn't determine user name from uid 4294967295, you probably need to modify the User directive
[Thu May 15 15:31:32.019785 2025] [core:notice] [pid 1:tid 1] AH00094: Command line: 'httpd -D FOREGROUND'
[Thu May 15 15:32:42.001251 2025] [mpm_event:notice] [pid 1:tid 1] AH00492: caught SIGWINCH, shutting down gracefully
[Thu May 15 16:26:46.259295 2025] [ssl:warn] [pid 1:tid 1] AH01906: localhost:443:0 server certificate is a CA certificate (BasicConstraints: CA == TRUE !?)
[Thu May 15 16:26:46.280601 2025] [ssl:warn] [pid 1:tid 1] AH01873: Init: Session Cache is not configured [hint: SSLSessionCache]
[Thu May 15 16:26:46.284104 2025] [ssl:warn] [pid 1:tid 1] AH01906: localhost:443:0 server certificate is a CA certificate (BasicConstraints: CA == TRUE !?)
[Thu May 15 16:26:46.297285 2025] [mpm_event:notice] [pid 1:tid 1] AH00489: Apache/2.4.63 (Unix) OpenSSL/3.0.15 configured -- resuming normal operations
[Thu May 15 16:26:46.298077 2025] [core:notice] [pid 1:tid 1] AH00094: Command line: 'httpd -D FOREGROUND'
[Thu May 15 16:26:46.298181 2025] [unixd:alert] [pid 10:tid 10] AH02155: getpwuid: couldn't determine user name from uid 4294967295, you probably need to modify the User directive
[Thu May 15 16:26:46.302306 2025] [unixd:alert] [pid 9:tid 9] AH02155: getpwuid: couldn't determine user name from uid 4294967295, you probably need to modify the User directive
[Thu May 15 16:28:56.081112 2025] [mpm_event:notice] [pid 1:tid 1] AH00492: caught SIGWINCH, shutting down gracefully
[Thu May 15 16:29:43.487095 2025] [ssl:warn] [pid 1:tid 1] AH01906: localhost:443:0 server certificate is a CA certificate (BasicConstraints: CA == TRUE !?)
[Thu May 15 16:29:43.539604 2025] [ssl:warn] [pid 1:tid 1] AH01873: Init: Session Cache is not configured [hint: SSLSessionCache]
[Thu May 15 16:29:43.543190 2025] [ssl:warn] [pid 1:tid 1] AH01906: localhost:443:0 server certificate is a CA certificate (BasicConstraints: CA == TRUE !?)
[Thu May 15 16:29:43.590748 2025] [mpm_event:notice] [pid 1:tid 1] AH00489: Apache/2.4.63 (Unix) OpenSSL/3.0.15 configured -- resuming normal operations
[Thu May 15 16:29:43.591487 2025] [unixd:alert] [pid 9:tid 9] AH02155: getpwuid: couldn't determine user name from uid 4294967295, you probably need to modify the User directive
[Thu May 15 16:29:43.592030 2025] [unixd:alert] [pid 8:tid 8] AH02155: getpwuid: couldn't determine user name from uid 4294967295, you probably need to modify the User directive
[Thu May 15 16:29:43.593443 2025] [core:notice] [pid 1:tid 1] AH00094: Command line: 'httpd -D FOREGROUND'
[Thu May 15 16:31:43.600773 2025] [mpm_event:notice] [pid 1:tid 1] AH00492: caught SIGWINCH, shutting down gracefully
[Thu May 15 16:32:28.536194 2025] [ssl:warn] [pid 1:tid 1] AH01906: localhost:443:0 server certificate is a CA certificate (BasicConstraints: CA == TRUE !?)
[Thu May 15 16:32:28.561899 2025] [ssl:warn] [pid 1:tid 1] AH01873: Init: Session Cache is not configured [hint: SSLSessionCache]
[Thu May 15 16:32:28.565493 2025] [ssl:warn] [pid 1:tid 1] AH01906: localhost:443:0 server certificate is a CA certificate (BasicConstraints: CA == TRUE !?)
[Thu May 15 16:32:28.584856 2025] [mpm_event:notice] [pid 1:tid 1] AH00489: Apache/2.4.63 (Unix) OpenSSL/3.0.15 configured -- resuming normal operations
[Thu May 15 16:32:28.585377 2025] [core:notice] [pid 1:tid 1] AH00094: Command line: 'httpd -D FOREGROUND'
[Thu May 15 16:32:28.585557 2025] [unixd:alert] [pid 8:tid 8] AH02155: getpwuid: couldn't determine user name from uid 4294967295, you probably need to modify the User directive
[Thu May 15 16:32:28.592994 2025] [unixd:alert] [pid 9:tid 9] AH02155: getpwuid: couldn't determine user name from uid 4294967295, you probably need to modify the User directive
[Thu May 15 16:37:57.284312 2025] [mpm_event:notice] [pid 1:tid 1] AH00492: caught SIGWINCH, shutting down gracefully
[Thu May 15 17:40:25.335308 2025] [ssl:warn] [pid 1:tid 1] AH01906: localhost:443:0 server certificate is a CA certificate (BasicConstraints: CA == TRUE !?)
[Thu May 15 17:40:25.407774 2025] [ssl:warn] [pid 1:tid 1] AH01873: Init: Session Cache is not configured [hint: SSLSessionCache]
[Thu May 15 17:40:25.411942 2025] [ssl:warn] [pid 1:tid 1] AH01906: localhost:443:0 server certificate is a CA certificate (BasicConstraints: CA == TRUE !?)
[Thu May 15 17:40:25.483994 2025] [mpm_event:notice] [pid 1:tid 1] AH00489: Apache/2.4.63 (Unix) OpenSSL/3.0.15 configured -- resuming normal operations
[Thu May 15 17:40:25.484227 2025] [unixd:alert] [pid 9:tid 9] AH02155: getpwuid: couldn't determine user name from uid 4294967295, you probably need to modify the User directive
[Thu May 15 17:40:25.484583 2025] [unixd:alert] [pid 10:tid 10] AH02155: getpwuid: couldn't determine user name from uid 4294967295, you probably need to modify the User directive
[Thu May 15 17:40:25.489418 2025] [core:notice] [pid 1:tid 1] AH00094: Command line: 'httpd -D FOREGROUND'
[Thu May 15 18:25:21.781068 2025] [mpm_event:notice] [pid 1:tid 1] AH00492: caught SIGWINCH, shutting down gracefully
[Thu May 15 18:26:04.661299 2025] [ssl:warn] [pid 1:tid 1] AH01906: localhost:443:0 server certificate is a CA certificate (BasicConstraints: CA == TRUE !?)
[Thu May 15 18:26:04.683195 2025] [ssl:warn] [pid 1:tid 1] AH01873: Init: Session Cache is not configured [hint: SSLSessionCache]
[Thu May 15 18:26:04.686681 2025] [ssl:warn] [pid 1:tid 1] AH01906: localhost:443:0 server certificate is a CA certificate (BasicConstraints: CA == TRUE !?)
[Thu May 15 18:26:04.702010 2025] [mpm_event:notice] [pid 1:tid 1] AH00489: Apache/2.4.63 (Unix) OpenSSL/3.0.15 configured -- resuming normal operations
[Thu May 15 18:26:04.702239 2025] [unixd:alert] [pid 8:tid 8] AH02155: getpwuid: couldn't determine user name from uid 4294967295, you probably need to modify the User directive
[Thu May 15 18:26:04.702583 2025] [unixd:alert] [pid 9:tid 9] AH02155: getpwuid: couldn't determine user name from uid 4294967295, you probably need to modify the User directive
[Thu May 15 18:26:04.702702 2025] [core:notice] [pid 1:tid 1] AH00094: Command line: 'httpd -D FOREGROUND'
[Thu May 15 19:32:17.426620 2025] [mpm_event:notice] [pid 1:tid 1] AH00492: caught SIGWINCH, shutting down gracefully
[Thu May 15 19:35:12.371526 2025] [ssl:warn] [pid 1:tid 1] AH01906: localhost:443:0 server certificate is a CA certificate (BasicConstraints: CA == TRUE !?)
[Thu May 15 19:35:12.399063 2025] [ssl:warn] [pid 1:tid 1] AH01873: Init: Session Cache is not configured [hint: SSLSessionCache]
[Thu May 15 19:35:12.403689 2025] [ssl:warn] [pid 1:tid 1] AH01906: localhost:443:0 server certificate is a CA certificate (BasicConstraints: CA == TRUE !?)
[Thu May 15 19:35:12.433573 2025] [mpm_event:notice] [pid 1:tid 1] AH00489: Apache/2.4.63 (Unix) OpenSSL/3.0.15 configured -- resuming normal operations
[Thu May 15 19:35:12.434022 2025] [core:notice] [pid 1:tid 1] AH00094: Command line: 'httpd -D FOREGROUND'
[Thu May 15 19:35:12.434121 2025] [unixd:alert] [pid 8:tid 8] AH02155: getpwuid: couldn't determine user name from uid 4294967295, you probably need to modify the User directive
[Thu May 15 19:35:12.434507 2025] [unixd:alert] [pid 9:tid 9] AH02155: getpwuid: couldn't determine user name from uid 4294967295, you probably need to modify the User directive
[Thu May 15 19:42:35.044164 2025] [mpm_event:notice] [pid 1:tid 1] AH00492: caught SIGWINCH, shutting down gracefully
[Thu May 15 19:42:37.297780 2025] [ssl:warn] [pid 1:tid 1] AH01906: localhost:443:0 server certificate is a CA certificate (BasicConstraints: CA == TRUE !?)
[Thu May 15 19:42:37.353634 2025] [ssl:warn] [pid 1:tid 1] AH01873: Init: Session Cache is not configured [hint: SSLSessionCache]
[Thu May 15 19:42:37.357984 2025] [ssl:warn] [pid 1:tid 1] AH01906: localhost:443:0 server certificate is a CA certificate (BasicConstraints: CA == TRUE !?)
[Thu May 15 19:42:37.376623 2025] [mpm_event:notice] [pid 1:tid 1] AH00489: Apache/2.4.63 (Unix) OpenSSL/3.0.15 configured -- resuming normal operations
[Thu May 15 19:42:37.376831 2025] [unixd:alert] [pid 9:tid 9] AH02155: getpwuid: couldn't determine user name from uid 4294967295, you probably need to modify the User directive
[Thu May 15 19:42:37.377232 2025] [core:notice] [pid 1:tid 1] AH00094: Command line: 'httpd -D FOREGROUND'
[Thu May 15 19:42:37.377248 2025] [unixd:alert] [pid 10:tid 10] AH02155: getpwuid: couldn't determine user name from uid 4294967295, you probably need to modify the User directive
[Thu May 15 19:50:27.662490 2025] [mpm_event:notice] [pid 1:tid 1] AH00492: caught SIGWINCH, shutting down gracefully
[Thu May 15 19:52:15.697403 2025] [ssl:warn] [pid 1:tid 1] AH01906: localhost:443:0 server certificate is a CA certificate (BasicConstraints: CA == TRUE !?)
[Thu May 15 19:52:15.723647 2025] [ssl:warn] [pid 1:tid 1] AH01873: Init: Session Cache is not configured [hint: SSLSessionCache]
[Thu May 15 19:52:15.727440 2025] [ssl:warn] [pid 1:tid 1] AH01906: localhost:443:0 server certificate is a CA certificate (BasicConstraints: CA == TRUE !?)
[Thu May 15 19:52:15.750700 2025] [mpm_event:notice] [pid 1:tid 1] AH00489: Apache/2.4.63 (Unix) OpenSSL/3.0.15 configured -- resuming normal operations
[Thu May 15 19:52:15.750871 2025] [unixd:alert] [pid 8:tid 8] AH02155: getpwuid: couldn't determine user name from uid 4294967295, you probably need to modify the User directive
[Thu May 15 19:52:15.751322 2025] [core:notice] [pid 1:tid 1] AH00094: Command line: 'httpd -D FOREGROUND'
[Thu May 15 19:52:15.751403 2025] [unixd:alert] [pid 9:tid 9] AH02155: getpwuid: couldn't determine user name from uid 4294967295, you probably need to modify the User directive
[Thu May 15 19:53:45.279478 2025] [mpm_event:notice] [pid 1:tid 1] AH00492: caught SIGWINCH, shutting down gracefully
[Thu May 15 19:54:58.002570 2025] [ssl:warn] [pid 1:tid 1] AH01906: localhost:443:0 server certificate is a CA certificate (BasicConstraints: CA == TRUE !?)
[Thu May 15 19:54:58.038151 2025] [ssl:warn] [pid 1:tid 1] AH01873: Init: Session Cache is not configured [hint: SSLSessionCache]
[Thu May 15 19:54:58.045761 2025] [ssl:warn] [pid 1:tid 1] AH01906: localhost:443:0 server certificate is a CA certificate (BasicConstraints: CA == TRUE !?)
[Thu May 15 19:54:58.082336 2025] [mpm_event:notice] [pid 1:tid 1] AH00489: Apache/2.4.63 (Unix) OpenSSL/3.0.15 configured -- resuming normal operations
[Thu May 15 19:54:58.083487 2025] [unixd:alert] [pid 8:tid 8] AH02155: getpwuid: couldn't determine user name from uid 4294967295, you probably need to modify the User directive
[Thu May 15 19:54:58.091735 2025] [core:notice] [pid 1:tid 1] AH00094: Command line: 'httpd -D FOREGROUND'
[Thu May 15 19:54:58.083065 2025] [unixd:alert] [pid 7:tid 7] AH02155: getpwuid: couldn't determine user name from uid 4294967295, you probably need to modify the User directive
[Thu May 15 20:00:45.711216 2025] [mpm_event:notice] [pid 1:tid 1] AH00492: caught SIGWINCH, shutting down gracefully
[Thu May 15 20:03:57.315968 2025] [ssl:warn] [pid 1:tid 1] AH01906: localhost:443:0 server certificate is a CA certificate (BasicConstraints: CA == TRUE !?)
[Thu May 15 20:03:57.412168 2025] [ssl:warn] [pid 1:tid 1] AH01873: Init: Session Cache is not configured [hint: SSLSessionCache]
[Thu May 15 20:03:57.421394 2025] [ssl:warn] [pid 1:tid 1] AH01906: localhost:443:0 server certificate is a CA certificate (BasicConstraints: CA == TRUE !?)
[Thu May 15 20:03:57.588453 2025] [mpm_event:notice] [pid 1:tid 1] AH00489: Apache/2.4.63 (Unix) OpenSSL/3.0.15 configured -- resuming normal operations
[Thu May 15 20:03:57.594337 2025] [core:notice] [pid 1:tid 1] AH00094: Command line: 'httpd -D FOREGROUND'
[Thu May 15 20:03:57.594543 2025] [unixd:alert] [pid 10:tid 10] AH02155: getpwuid: couldn't determine user name from uid 4294967295, you probably need to modify the User directive
[Thu May 15 20:03:57.597712 2025] [unixd:alert] [pid 9:tid 9] AH02155: getpwuid: couldn't determine user name from uid 4294967295, you probably need to modify the User directive
[Thu May 15 21:03:53.500503 2025] [unixd:alert] [pid 92:tid 92] AH02155: getpwuid: couldn't determine user name from uid 4294967295, you probably need to modify the User directive
[Thu May 15 21:21:26.661510 2025] [mpm_event:notice] [pid 1:tid 1] AH00492: caught SIGWINCH, shutting down gracefully
[Fri May 16 04:41:08.655111 2025] [ssl:warn] [pid 1:tid 1] AH01906: localhost:443:0 server certificate is a CA certificate (BasicConstraints: CA == TRUE !?)
[Fri May 16 04:41:08.739423 2025] [ssl:warn] [pid 1:tid 1] AH01873: Init: Session Cache is not configured [hint: SSLSessionCache]
[Fri May 16 04:41:08.742962 2025] [ssl:warn] [pid 1:tid 1] AH01906: localhost:443:0 server certificate is a CA certificate (BasicConstraints: CA == TRUE !?)
[Fri May 16 04:41:08.785582 2025] [mpm_event:notice] [pid 1:tid 1] AH00489: Apache/2.4.63 (Unix) OpenSSL/3.0.15 configured -- resuming normal operations
[Fri May 16 04:41:08.786424 2025] [core:notice] [pid 1:tid 1] AH00094: Command line: 'httpd -D FOREGROUND'
[Fri May 16 04:41:08.789288 2025] [unixd:alert] [pid 8:tid 8] AH02155: getpwuid: couldn't determine user name from uid 4294967295, you probably need to modify the User directive
[Fri May 16 04:41:08.789445 2025] [unixd:alert] [pid 9:tid 9] AH02155: getpwuid: couldn't determine user name from uid 4294967295, you probably need to modify the User directive
[Fri May 16 04:57:53.042035 2025] [ssl:warn] [pid 1:tid 1] AH01906: localhost:443:0 server certificate is a CA certificate (BasicConstraints: CA == TRUE !?)
[Fri May 16 04:57:53.092227 2025] [ssl:warn] [pid 1:tid 1] AH01873: Init: Session Cache is not configured [hint: SSLSessionCache]
[Fri May 16 04:57:53.098288 2025] [ssl:warn] [pid 1:tid 1] AH01906: localhost:443:0 server certificate is a CA certificate (BasicConstraints: CA == TRUE !?)
[Fri May 16 04:57:53.155523 2025] [unixd:alert] [pid 8:tid 8] AH02155: getpwuid: couldn't determine user name from uid 4294967295, you probably need to modify the User directive
[Fri May 16 04:57:53.156894 2025] [mpm_event:notice] [pid 1:tid 1] AH00489: Apache/2.4.63 (Unix) OpenSSL/3.0.15 configured -- resuming normal operations
[Fri May 16 04:57:53.161616 2025] [unixd:alert] [pid 9:tid 9] AH02155: getpwuid: couldn't determine user name from uid 4294967295, you probably need to modify the User directive
[Fri May 16 04:57:53.168604 2025] [core:notice] [pid 1:tid 1] AH00094: Command line: 'httpd -D FOREGROUND'
[Fri May 16 05:03:08.437953 2025] [mpm_event:notice] [pid 1:tid 1] AH00492: caught SIGWINCH, shutting down gracefully
[Fri May 16 05:04:01.779855 2025] [ssl:warn] [pid 1:tid 1] AH01906: localhost:443:0 server certificate is a CA certificate (BasicConstraints: CA == TRUE !?)
[Fri May 16 05:04:01.800490 2025] [ssl:warn] [pid 1:tid 1] AH01873: Init: Session Cache is not configured [hint: SSLSessionCache]
[Fri May 16 05:04:01.804292 2025] [ssl:warn] [pid 1:tid 1] AH01906: localhost:443:0 server certificate is a CA certificate (BasicConstraints: CA == TRUE !?)
[Fri May 16 05:04:01.818133 2025] [mpm_event:notice] [pid 1:tid 1] AH00489: Apache/2.4.63 (Unix) OpenSSL/3.0.15 configured -- resuming normal operations
[Fri May 16 05:04:01.818251 2025] [unixd:alert] [pid 8:tid 8] AH02155: getpwuid: couldn't determine user name from uid 4294967295, you probably need to modify the User directive
[Fri May 16 05:04:01.818706 2025] [core:notice] [pid 1:tid 1] AH00094: Command line: 'httpd -D FOREGROUND'
[Fri May 16 05:04:01.818810 2025] [unixd:alert] [pid 9:tid 9] AH02155: getpwuid: couldn't determine user name from uid 4294967295, you probably need to modify the User directive
[Fri May 16 05:07:10.965352 2025] [mpm_event:notice] [pid 1:tid 1] AH00492: caught SIGWINCH, shutting down gracefully
[Fri May 16 05:07:57.473870 2025] [ssl:warn] [pid 1:tid 1] AH01906: localhost:443:0 server certificate is a CA certificate (BasicConstraints: CA == TRUE !?)
[Fri May 16 05:07:57.532307 2025] [ssl:warn] [pid 1:tid 1] AH01873: Init: Session Cache is not configured [hint: SSLSessionCache]
[Fri May 16 05:07:57.536132 2025] [ssl:warn] [pid 1:tid 1] AH01906: localhost:443:0 server certificate is a CA certificate (BasicConstraints: CA == TRUE !?)
[Fri May 16 05:07:57.562721 2025] [mpm_event:notice] [pid 1:tid 1] AH00489: Apache/2.4.63 (Unix) OpenSSL/3.0.15 configured -- resuming normal operations
[Fri May 16 05:07:57.563301 2025] [unixd:alert] [pid 9:tid 9] AH02155: getpwuid: couldn't determine user name from uid 4294967295, you probably need to modify the User directive
[Fri May 16 05:07:57.564473 2025] [core:notice] [pid 1:tid 1] AH00094: Command line: 'httpd -D FOREGROUND'
[Fri May 16 05:07:57.564911 2025] [unixd:alert] [pid 8:tid 8] AH02155: getpwuid: couldn't determine user name from uid 4294967295, you probably need to modify the User directive
[Fri May 16 05:29:23.453239 2025] [mpm_event:notice] [pid 1:tid 1] AH00492: caught SIGWINCH, shutting down gracefully
[Fri May 16 05:38:26.709508 2025] [ssl:warn] [pid 1:tid 1] AH01873: Init: Session Cache is not configured [hint: SSLSessionCache]
[Fri May 16 05:38:26.722284 2025] [mpm_event:notice] [pid 1:tid 1] AH00489: Apache/2.4.63 (Unix) OpenSSL/3.0.15 configured -- resuming normal operations
[Fri May 16 05:38:26.722690 2025] [core:notice] [pid 1:tid 1] AH00094: Command line: 'httpd -D FOREGROUND'
[Fri May 16 05:38:26.723370 2025] [unixd:alert] [pid 9:tid 9] AH02155: getpwuid: couldn't determine user name from uid 4294967295, you probably need to modify the User directive
[Fri May 16 05:38:26.724312 2025] [unixd:alert] [pid 8:tid 8] AH02155: getpwuid: couldn't determine user name from uid 4294967295, you probably need to modify the User directive
[Fri May 16 05:39:05.540854 2025] [mpm_event:notice] [pid 1:tid 1] AH00492: caught SIGWINCH, shutting down gracefully
[Fri May 16 05:42:06.261715 2025] [ssl:warn] [pid 1:tid 1] AH01873: Init: Session Cache is not configured [hint: SSLSessionCache]
[Fri May 16 05:42:06.270955 2025] [mpm_event:notice] [pid 1:tid 1] AH00489: Apache/2.4.63 (Unix) OpenSSL/3.0.15 configured -- resuming normal operations
[Fri May 16 05:42:06.271520 2025] [unixd:alert] [pid 9:tid 9] AH02155: getpwuid: couldn't determine user name from uid 4294967295, you probably need to modify the User directive
[Fri May 16 05:42:06.271162 2025] [unixd:alert] [pid 8:tid 8] AH02155: getpwuid: couldn't determine user name from uid 4294967295, you probably need to modify the User directive
[Fri May 16 05:42:06.271914 2025] [core:notice] [pid 1:tid 1] AH00094: Command line: 'httpd -D FOREGROUND'
[Fri May 16 06:15:41.950586 2025] [ssl:warn] [pid 1:tid 1] AH01906: moustassweb.com:443:0 server certificate is a CA certificate (BasicConstraints: CA == TRUE !?)
[Fri May 16 06:15:41.951473 2025] [ssl:warn] [pid 1:tid 1] AH01909: moustassweb.com:443:0 server certificate does NOT include an ID which matches the server name
